<?xml version="1.0" encoding="UTF-8" ?>
<testsuite errors="0" failures="1" hostname="mbp-evgenij" name="ru.roseurobank.SnapshotPlugin.SnapshotCreatorTest" skipped="0" tests="10" time="0.788" timestamp="2015-05-01T10:44:24">
  <properties>
    <property name="libs.jsp-compiler.javadoc" value="" />
    <property name="netbeans.autoupdate.country" value="US" />
    <property name="release.dir" value="/Users/evgeniy/NetBeansProjects/SnapshotPlugin/release" />
    <property name="nbm.module.author" value="" />
    <property name="libs.jsf20.maven-pom" value="" />
    <property name="libs.DataBindingME.src" value="/Applications/NetBeans/NetBeans 8.0.app/Contents/Resources/NetBeans/mobility/sources/netbeans_databindingme-src.zip" />
    <property name="libs.junit.javadoc" value="/Applications/NetBeans/NetBeans 8.0.app/Contents/Resources/NetBeans/java/docs/junit-3.8.2-api.zip" />
    <property name="libs.spring-webmvc4.0.src" value="" />
    <property name="ant.core.lib" value="/Applications/NetBeans/NetBeans 8.0.app/Contents/Resources/NetBeans/extide/ant/lib/ant.jar" />
    <property name="build.compiler.debug" value="true" />
    <property name="libs.jsp-compilation.javadoc" value="" />
    <property name="user.dir" value="/" />
    <property name="com.apple.mrj.application.apple.menu.about.name" value="NetBeans" />
    <property name="libs.javaee-api-7.0.src" value="" />
    <property name="java.vm.version" value="25.11-b03" />
    <property name="libs.DataBindingME.classpath" value="/Applications/NetBeans/NetBeans 8.0.app/Contents/Resources/NetBeans/mobility/modules/ext/netbeans_databindingme.jar" />
    <property name="libs.j2me_common_ant.src" value="" />
    <property name="libs.MySQLDriver.classpath" value="/Applications/NetBeans/NetBeans 8.0.app/Contents/Resources/NetBeans/ide/modules/ext/mysql-connector-java-5.1.23-bin.jar" />
    <property name="build.test.qa-functional.dir" value="/Users/evgeniy/NetBeansProjects/SnapshotPlugin/build/test/qa-functional" />
    <property name="libs.eclipselinkmodelgen.src" value="" />
    <property name="netbeans.autoupdate.version" value="1.23" />
    <property name="libs.EclipseLink-GlassFish-v3.classpath" value="/Users/evgeniy/Documents/Java/glassfish4/glassfish/modules/org.eclipse.persistence.antlr.jar:/Users/evgeniy/Documents/Java/glassfish4/glassfish/modules/org.eclipse.persistence.asm.jar:/Users/evgeniy/Documents/Java/glassfish4/glassfish/modules/org.eclipse.persistence.core.jar:/Users/evgeniy/Documents/Java/glassfish4/glassfish/modules/org.eclipse.persistence.dbws.jar:/Users/evgeniy/Documents/Java/glassfish4/glassfish/modules/org.eclipse.persistence.jpa.jar:/Users/evgeniy/Documents/Java/glassfish4/glassfish/modules/org.eclipse.persistence.jpa.jpql.jar:/Users/evgeniy/Documents/Java/glassfish4/glassfish/modules/org.eclipse.persistence.jpa.modelgen.processor.jar:/Users/evgeniy/Documents/Java/glassfish4/glassfish/modules/org.eclipse.persistence.moxy.jar:/Users/evgeniy/Documents/Java/glassfish4/glassfish/modules/org.eclipse.persistence.oracle.jar:/Users/evgeniy/Documents/Java/glassfish4/glassfish/modules/javax.persistence.jar" />
    <property name="libs.javaee-web-api-6.0.classpath" value="/Applications/NetBeans/NetBeans 8.0.app/Contents/Resources/NetBeans/enterprise/modules/ext/javaee-web-api-6.0.jar" />
    <property name="build.package.index" value="false" />
    <property name="libs.DataBindingME-PIM.maven-pom" value="" />
    <property name="retouche.javac.api" value="" />
    <property name="libs.Java-EE-GlassFish-v3-Prelude.javadoc" value="/Applications/NetBeans/NetBeans 8.0.app/Contents/Resources/NetBeans/enterprise/docs/javaee-doc-api.jar" />
    <property name="jdk.home" value="/Library/Java/JavaVirtualMachines/jdk1.8.0_11.jdk/Contents/Home" />
    <property name="nbm" value="ru-roseurobank.nbm" />
    <property name="libs.javac-api.src" value="" />
    <property name="javahelp.search" value="JavaHelpSearch" />
    <property name="libs.jpa2-persistence.classpath" value="/Applications/NetBeans/NetBeans 8.0.app/Contents/Resources/NetBeans/java/modules/ext/hibernate4/hibernate-jpa-2.1-api-1.0.0.Final.jar" />
    <property name="sun.os.patch.level" value="unknown" />
    <property name="libs.Java-EE-GlassFish-v3-Prelude.src" value="" />
    <property name="java.vm.specification.name" value="Java Virtual Machine Specification" />
    <property name="nb.show.statistics.ui" value="usageStatisticsEnabled" />
    <property name="netbeans.autoupdate.variant" value="" />
    <property name="cluster.path.basedir" value="/Users/evgeniy/NetBeansProjects/SnapshotPlugin" />
    <property name="org.xml.sax.driver" value="com.sun.org.apache.xerces.internal.jaxp.SAXParserImpl$JAXPSAXParser" />
    <property name="test.unit.dir" value="/Users/evgeniy/NetBeansProjects/SnapshotPlugin/test/unit" />
    <property name="run.args.ide" value="" />
    <property name="libs.javac-api.javadoc" value="" />
    <property name="os.name" value="Mac OS X" />
    <property name="public.packages" value="-" />
    <property name="ant.file.type.ru.roseurobank" value="file" />
    <property name="module.files.toString" value="patternSet{ includes: [modules/ext/junit-4.12.jar, modules/ru-roseurobank.jar, modules/docs/ru-roseurobank.jar:if-&gt;has.javahelp, config/Modules/ru-roseurobank.xml, config/ModuleAutoDeps/ru-roseurobank.xml:if-&gt;has.module.auto.deps, ant/nblib/ru-roseurobank.jar] excludes: [] }" />
    <property name="libs.beans-binding.classpath" value="/Applications/NetBeans/NetBeans 8.0.app/Contents/Resources/NetBeans/java/modules/ext/beansbinding-1.2.1.jar" />
    <property name="libs.javaee-endorsed-api-7.0.maven-pom" value="" />
    <property name="test.unit.src.dir" value="/Users/evgeniy/NetBeansProjects/SnapshotPlugin/test/unit/src" />
    <property name="libs.DataBindingME-SVG.javadoc" value="/Applications/NetBeans/NetBeans 8.0.app/Contents/Resources/NetBeans/mobility/modules/docs/netbeans_databindingme_svg-api.zip" />
    <property name="libs.restapi.javadoc" value="" />
    <property name="libs.JWSAntTasks.maven-pom" value="" />
    <property name="ant.file.ru.roseurobank-impl" value="/Users/evgeniy/NetBeansProjects/SnapshotPlugin/nbproject/build-impl.xml" />
    <property name="libs.jstl.classpath" value="/Applications/NetBeans/NetBeans 8.0.app/Contents/Resources/NetBeans/enterprise/modules/ext/jstl-impl.jar:/Applications/NetBeans/NetBeans 8.0.app/Contents/Resources/NetBeans/enterprise/modules/ext/jstl-api.jar" />
    <property name="libs.testng.src" value="" />
    <property name="libs.spring-webmvc3.0.src" value="" />
    <property name="libs.restapi.classpath" value="/Applications/NetBeans/NetBeans 8.0.app/Contents/Resources/NetBeans/enterprise/modules/ext/jaxrs-2.0/javax.ws.rs-api-2.0.jar" />
    <property name="java.vendor.url.bug" value="http://bugreport.sun.com/bugreport/" />
    <property name="buildnumber" value="150501" />
    <property name="nbplatform.active" value="VisualVM_1.3.8" />
    <property name="libs.jaxb.maven-pom" value="" />
    <property name="extra.module.files" value="" />
    <property name="continue.after.failing.tests" value="true" />
    <property name="os.arch" value="x86_64" />
    <property name="libs.eclipselink.src" value="" />
    <property name="user.name" value="evgeniy" />
    <property name="libs.jsf12.javadoc" value="/Applications/NetBeans/NetBeans 8.0.app/Contents/Resources/NetBeans/enterprise/docs/javaee-doc-api.jar" />
    <property name="libs.Comet-GlassFish-v3.javadoc" value="" />
    <property name="libs.j2me_common_ant.maven-pom" value="" />
    <property name="libs.spring-webmvc3.0.maven-pom" value="" />
    <property name="libs.swing-layout.maven-pom" value="" />
    <property name="sun.java.command" value="org.apache.tools.ant.taskdefs.optional.junit.JUnitTestRunner ru.roseurobank.SnapshotPlugin.SnapshotCreatorTest skipNonTests=false filtertrace=true haltOnError=false haltOnFailure=false showoutput=true outputtoformatters=true logfailedtests=true threadid=0 logtestlistenerevents=true formatter=org.apache.tools.ant.taskdefs.optional.junit.BriefJUnitResultFormatter formatter=org.apache.tools.ant.taskdefs.optional.junit.XMLJUnitResultFormatter,/Users/evgeniy/NetBeansProjects/SnapshotPlugin/build/test/unit/results/TEST-ru.roseurobank.SnapshotPlugin.SnapshotCreatorTest.xml crashfile=/Users/evgeniy/NetBeansProjects/SnapshotPlugin/build/test/unit/results/junitvmwatcher2742094930100838195.properties propsfile=/Users/evgeniy/NetBeansProjects/SnapshotPlugin/build/test/unit/results/junit2448935412101041287.properties" />
    <property name="build.classes.dir" value="/Users/evgeniy/NetBeansProjects/SnapshotPlugin/build/classes" />
    <property name="netbeans.accept_license_class" value="org.netbeans.license.AcceptLicense" />
    <property name="build.sysclasspath" value="ignore" />
    <property name="is.test.suite" value="" />
    <property name="module.startlevel" value="" />
    <property name="libs.javaee-endorsed-api-7.0.javadoc" value="/Applications/NetBeans/NetBeans 8.0.app/Contents/Resources/NetBeans/enterprise/docs/javaee-doc-api.jar" />
    <property name="libs.jaxws21.javadoc" value="/Applications/NetBeans/NetBeans 8.0.app/Contents/Resources/NetBeans/java/docs/jaxws-api-doc.zip" />
    <property name="test.run.args" value="-ea" />
    <property name="file.reference.junit-4.12.jar" value="release/modules/ext/junit-4.12.jar" />
    <property name="libs.spring-webmvc4.0.javadoc" value="" />
    <property name="module.processor.classpath" value="/Applications/VisualVM.app/Contents/Resources/visualvm/visualvm/modules/com-sun-tools-visualvm-application.jar:/Applications/VisualVM.app/Contents/Resources/visualvm/visualvm/modules/com-sun-tools-visualvm-core.jar:/Applications/VisualVM.app/Contents/Resources/visualvm/visualvm/modules/com-sun-tools-visualvm-uisupport.jar:/Applications/VisualVM.app/Contents/Resources/visualvm/profiler/modules/org-netbeans-lib-profiler-ui.jar:/Applications/VisualVM.app/Contents/Resources/visualvm/profiler/modules/org-netbeans-lib-profiler.jar:/Applications/VisualVM.app/Contents/Resources/visualvm/profiler/modules/org-netbeans-lib-profiler-charts.jar:/Applications/VisualVM.app/Contents/Resources/visualvm/profiler/modules/org-netbeans-modules-profiler-api.jar:/Applications/VisualVM.app/Contents/Resources/visualvm/platform/modules/org-netbeans-api-progress.jar:/Applications/VisualVM.app/Contents/Resources/visualvm/platform/lib/org-openide-util.jar:/Applications/VisualVM.app/Contents/Resources/visualvm/platform/lib/org-openide-util-lookup.jar:/Applications/VisualVM.app/Contents/Resources/visualvm/platform/modules/org-openide-awt.jar:/Applications/VisualVM.app/Contents/Resources/visualvm/platform/modules/org-netbeans-api-annotations-common.jar:/Applications/VisualVM.app/Contents/Resources/visualvm/platform/core/org-openide-filesystems.jar:/Applications/VisualVM.app/Contents/Resources/visualvm/profiler/modules/org-netbeans-lib-profiler-common.jar:/Applications/VisualVM.app/Contents/Resources/visualvm/platform/modules/org-netbeans-modules-editor-mimelookup.jar:/Applications/VisualVM.app/Contents/Resources/visualvm/platform/modules/org-netbeans-modules-autoupdate-services.jar:/Applications/VisualVM.app/Contents/Resources/visualvm/platform/modules/ext/updater.jar:/Applications/VisualVM.app/Contents/Resources/visualvm/platform/lib/boot.jar:/Applications/VisualVM.app/Contents/Resources/visualvm/platform/lib/org-openide-modules.jar:/Applications/VisualVM.app/Contents/Resources/visualvm/platform/core/core.jar:/Applications/VisualVM.app/Contents/Resources/visualvm/platform/modules/org-netbeans-modules-options-api.jar:/Applications/VisualVM.app/Contents/Resources/visualvm/platform/modules/org-netbeans-core.jar:/Applications/VisualVM.app/Contents/Resources/visualvm/platform/modules/org-netbeans-modules-keyring.jar:/Applications/VisualVM.app/Contents/Resources/visualvm/platform/modules/org-netbeans-modules-sampler.jar:/Applications/VisualVM.app/Contents/Resources/visualvm/platform/modules/org-openide-dialogs.jar:/Applications/VisualVM.app/Contents/Resources/visualvm/platform/modules/org-openide-loaders.jar:/Applications/VisualVM.app/Contents/Resources/visualvm/platform/modules/org-netbeans-modules-queries.jar:/Applications/VisualVM.app/Contents/Resources/visualvm/platform/modules/org-openide-actions.jar:/Applications/VisualVM.app/Contents/Resources/visualvm/platform/modules/org-openide-explorer.jar:/Applications/VisualVM.app/Contents/Resources/visualvm/platform/modules/org-netbeans-swing-outline.jar:/Applications/VisualVM.app/Contents/Resources/visualvm/platform/modules/org-netbeans-swing-tabcontrol.jar:/Applications/VisualVM.app/Contents/Resources/visualvm/platform/modules/org-openide-windows.jar:/Applications/VisualVM.app/Contents/Resources/visualvm/platform/modules/org-openide-nodes.jar:/Applications/VisualVM.app/Contents/Resources/visualvm/platform/modules/org-openide-text.jar:/Applications/VisualVM.app/Contents/Resources/visualvm/platform/modules/org-netbeans-swing-plaf.jar:/Applications/VisualVM.app/Contents/Resources/visualvm/platform/modules/org-openide-io.jar:/Applications/VisualVM.app/Contents/Resources/visualvm/platform/modules/org-netbeans-spi-quicksearch.jar:/Applications/VisualVM.app/Contents/Resources/visualvm/profiler/modules/org-netbeans-modules-profiler.jar:/Applications/VisualVM.app/Contents/Resources/visualvm/profiler/modules/org-netbeans-modules-profiler-attach.jar:/Applications/VisualVM.app/Contents/Resources/visualvm/profiler/modules/org-netbeans-modules-profiler-selector-api.jar:/Applications/VisualVM.app/Contents/Resources/visualvm/profiler/modules/org-netbeans-modules-profiler-selector-ui.jar:/Applications/VisualVM.app/Contents/Resources/visualvm/profiler/modules/org-netbeans-modules-profiler-utilities.jar:/Applications/VisualVM.app/Contents/Resources/visualvm/platform/modules/org-netbeans-modules-sendopts.jar:/Applications/VisualVM.app/Contents/Resources/visualvm/visualvm/modules/com-sun-tools-visualvm-host.jar:/Applications/VisualVM.app/Contents/Resources/visualvm/visualvm/modules/com-sun-tools-visualvm-core.jar:/Applications/VisualVM.app/Contents/Resources/visualvm/visualvm/modules/com-sun-tools-visualvm-uisupport.jar:/Applications/VisualVM.app/Contents/Resources/visualvm/profiler/modules/org-netbeans-lib-profiler-ui.jar:/Applications/VisualVM.app/Contents/Resources/visualvm/profiler/modules/org-netbeans-lib-profiler.jar:/Applications/VisualVM.app/Contents/Resources/visualvm/profiler/modules/org-netbeans-lib-profiler-charts.jar:/Applications/VisualVM.app/Contents/Resources/visualvm/profiler/modules/org-netbeans-modules-profiler-api.jar:/Applications/VisualVM.app/Contents/Resources/visualvm/platform/modules/org-netbeans-api-progress.jar:/Applications/VisualVM.app/Contents/Resources/visualvm/platform/lib/org-openide-util.jar:/Applications/VisualVM.app/Contents/Resources/visualvm/platform/lib/org-openide-util-lookup.jar:/Applications/VisualVM.app/Contents/Resources/visualvm/platform/modules/org-openide-awt.jar:/Applications/VisualVM.app/Contents/Resources/visualvm/platform/modules/org-netbeans-api-annotations-common.jar:/Applications/VisualVM.app/Contents/Resources/visualvm/platform/core/org-openide-filesystems.jar:/Applications/VisualVM.app/Contents/Resources/visualvm/profiler/modules/org-netbeans-lib-profiler-common.jar:/Applications/VisualVM.app/Contents/Resources/visualvm/platform/modules/org-netbeans-modules-editor-mimelookup.jar:/Applications/VisualVM.app/Contents/Resources/visualvm/platform/modules/org-netbeans-modules-autoupdate-services.jar:/Applications/VisualVM.app/Contents/Resources/visualvm/platform/modules/ext/updater.jar:/Applications/VisualVM.app/Contents/Resources/visualvm/platform/lib/boot.jar:/Applications/VisualVM.app/Contents/Resources/visualvm/platform/lib/org-openide-modules.jar:/Applications/VisualVM.app/Contents/Resources/visualvm/platform/core/core.jar:/Applications/VisualVM.app/Contents/Resources/visualvm/platform/modules/org-netbeans-modules-options-api.jar:/Applications/VisualVM.app/Contents/Resources/visualvm/platform/modules/org-netbeans-core.jar:/Applications/VisualVM.app/Contents/Resources/visualvm/platform/modules/org-netbeans-modules-keyring.jar:/Applications/VisualVM.app/Contents/Resources/visualvm/platform/modules/org-netbeans-modules-sampler.jar:/Applications/VisualVM.app/Contents/Resources/visualvm/platform/modules/org-openide-dialogs.jar:/Applications/VisualVM.app/Contents/Resources/visualvm/platform/modules/org-openide-loaders.jar:/Applications/VisualVM.app/Contents/Resources/visualvm/platform/modules/org-netbeans-modules-queries.jar:/Applications/VisualVM.app/Contents/Resources/visualvm/platform/modules/org-openide-actions.jar:/Applications/VisualVM.app/Contents/Resources/visualvm/platform/modules/org-openide-explorer.jar:/Applications/VisualVM.app/Contents/Resources/visualvm/platform/modules/org-netbeans-swing-outline.jar:/Applications/VisualVM.app/Contents/Resources/visualvm/platform/modules/org-netbeans-swing-tabcontrol.jar:/Applications/VisualVM.app/Contents/Resources/visualvm/platform/modules/org-openide-windows.jar:/Applications/VisualVM.app/Contents/Resources/visualvm/platform/modules/org-openide-nodes.jar:/Applications/VisualVM.app/Contents/Resources/visualvm/platform/modules/org-openide-text.jar:/Applications/VisualVM.app/Contents/Resources/visualvm/platform/modules/org-netbeans-swing-plaf.jar:/Applications/VisualVM.app/Contents/Resources/visualvm/platform/modules/org-openide-io.jar:/Applications/VisualVM.app/Contents/Resources/visualvm/platform/modules/org-netbeans-spi-quicksearch.jar:/Applications/VisualVM.app/Contents/Resources/visualvm/profiler/modules/org-netbeans-modules-profiler.jar:/Applications/VisualVM.app/Contents/Resources/visualvm/profiler/modules/org-netbeans-modules-profiler-attach.jar:/Applications/VisualVM.app/Contents/Resources/visualvm/profiler/modules/org-netbeans-modules-profiler-selector-api.jar:/Applications/VisualVM.app/Contents/Resources/visualvm/profiler/modules/org-netbeans-modules-profiler-selector-ui.jar:/Applications/VisualVM.app/Contents/Resources/visualvm/profiler/modules/org-netbeans-modules-profiler-utilities.jar:/Applications/VisualVM.app/Contents/Resources/visualvm/platform/modules/org-netbeans-modules-sendopts.jar:/Applications/VisualVM.app/Contents/Resources/visualvm/platform/modules/org-netbeans-modules-settings.jar:/Applications/VisualVM.app/Contents/Resources/visualvm/platform/lib/boot.jar:/Applications/VisualVM.app/Contents/Resources/visualvm/platform/lib/org-openide-modules.jar:/Applications/VisualVM.app/Contents/Resources/visualvm/platform/lib/org-openide-util.jar:/Applications/VisualVM.app/Contents/Resources/visualvm/platform/lib/org-openide-util-lookup.jar:/Applications/VisualVM.app/Contents/Resources/visualvm/platform/core/core.jar:/Applications/VisualVM.app/Contents/Resources/visualvm/platform/core/org-openide-filesystems.jar:/Applications/VisualVM.app/Contents/Resources/visualvm/platform/modules/org-openide-actions.jar:/Applications/VisualVM.app/Contents/Resources/visualvm/platform/modules/org-openide-awt.jar:/Applications/VisualVM.app/Contents/Resources/visualvm/platform/modules/org-netbeans-api-annotations-common.jar:/Applications/VisualVM.app/Contents/Resources/visualvm/platform/modules/org-openide-dialogs.jar:/Applications/VisualVM.app/Contents/Resources/visualvm/platform/modules/org-netbeans-api-progress.jar:/Applications/VisualVM.app/Contents/Resources/visualvm/platform/modules/org-openide-explorer.jar:/Applications/VisualVM.app/Contents/Resources/visualvm/platform/modules/org-netbeans-swing-outline.jar:/Applications/VisualVM.app/Contents/Resources/visualvm/platform/modules/org-netbeans-swing-tabcontrol.jar:/Applications/VisualVM.app/Contents/Resources/visualvm/platform/modules/org-openide-windows.jar:/Applications/VisualVM.app/Contents/Resources/visualvm/platform/modules/org-openide-nodes.jar:/Applications/VisualVM.app/Contents/Resources/visualvm/platform/modules/org-openide-text.jar:/Applications/VisualVM.app/Contents/Resources/visualvm/platform/modules/org-netbeans-modules-editor-mimelookup.jar:/Applications/VisualVM.app/Contents/Resources/visualvm/platform/modules/org-openide-loaders.jar:/Applications/VisualVM.app/Contents/Resources/visualvm/platform/modules/org-netbeans-modules-queries.jar:/Applications/VisualVM.app/Contents/Resources/visualvm/platform/modules/org-openide-awt.jar:/Applications/VisualVM.app/Contents/Resources/visualvm/platform/modules/org-netbeans-api-annotations-common.jar:/Applications/VisualVM.app/Contents/Resources/visualvm/platform/core/org-openide-filesystems.jar:/Applications/VisualVM.app/Contents/Resources/visualvm/platform/lib/org-openide-util.jar:/Applications/VisualVM.app/Contents/Resources/visualvm/platform/lib/org-openide-util-lookup.jar:/Applications/VisualVM.app/Contents/Resources/visualvm/platform/core/org-openide-filesystems.jar:/Applications/VisualVM.app/Contents/Resources/visualvm/platform/lib/org-openide-util.jar:/Applications/VisualVM.app/Contents/Resources/visualvm/platform/lib/org-openide-util-lookup.jar:/Applications/VisualVM.app/Contents/Resources/visualvm/platform/lib/org-openide-modules.jar:/Applications/VisualVM.app/Contents/Resources/visualvm/platform/lib/org-openide-util.jar:/Applications/VisualVM.app/Contents/Resources/visualvm/platform/lib/org-openide-util-lookup.jar:/Applications/VisualVM.app/Contents/Resources/visualvm/platform/lib/org-openide-util.jar:/Applications/VisualVM.app/Contents/Resources/visualvm/platform/lib/org-openide-util-lookup.jar:/Applications/VisualVM.app/Contents/Resources/visualvm/platform/lib/org-openide-util-lookup.jar:/Applications/VisualVM.app/Contents/Resources/visualvm/platform/modules/org-openide-windows.jar:/Applications/VisualVM.app/Contents/Resources/visualvm/platform/modules/org-openide-awt.jar:/Applications/VisualVM.app/Contents/Resources/visualvm/platform/modules/org-netbeans-api-annotations-common.jar:/Applications/VisualVM.app/Contents/Resources/visualvm/platform/core/org-openide-filesystems.jar:/Applications/VisualVM.app/Contents/Resources/visualvm/platform/lib/org-openide-util.jar:/Applications/VisualVM.app/Contents/Resources/visualvm/platform/lib/org-openide-util-lookup.jar:/Applications/VisualVM.app/Contents/Resources/visualvm/platform/modules/org-openide-nodes.jar:/Applications/VisualVM.app/Contents/Resources/visualvm/platform/modules/org-openide-dialogs.jar:/Applications/VisualVM.app/Contents/Resources/visualvm/platform/modules/org-netbeans-api-progress.jar:/Users/evgeniy/NetBeansProjects/SnapshotPlugin/release/modules/ext/junit-4.12.jar" />
    <property name="user.country" value="RU" />
    <property name="check.module.startlevel" value="true" />
    <property name="libs.jsp-compilation-syscp.src" value="" />
    <property name="libs.JAVADB_DRIVER_LABEL.src" value="" />
    <property name="ant.file.type.harness" value="file" />
    <property name="libs.spring-framework400.classpath" value="/Applications/NetBeans/NetBeans 8.0.app/Contents/Resources/NetBeans/ide/modules/org-apache-commons-logging.jar:/Applications/NetBeans/NetBeans 8.0.app/Contents/Resources/NetBeans/java/modules/ext/cglib-2.2.jar:/Applications/NetBeans/NetBeans 8.0.app/Contents/Resources/NetBeans/java/modules/ext/spring-4/spring-aop-4.0.1.RELEASE.jar:/Applications/NetBeans/NetBeans 8.0.app/Contents/Resources/NetBeans/java/modules/ext/spring-4/spring-aspects-4.0.1.RELEASE.jar:/Applications/NetBeans/NetBeans 8.0.app/Contents/Resources/NetBeans/java/modules/ext/spring-4/spring-beans-4.0.1.RELEASE.jar:/Applications/NetBeans/NetBeans 8.0.app/Contents/Resources/NetBeans/java/modules/ext/spring-4/spring-build-src-4.0.1.RELEASE.jar:/Applications/NetBeans/NetBeans 8.0.app/Contents/Resources/NetBeans/java/modules/ext/spring-4/spring-context-4.0.1.RELEASE.jar:/Applications/NetBeans/NetBeans 8.0.app/Contents/Resources/NetBeans/java/modules/ext/spring-4/spring-context-support-4.0.1.RELEASE.jar:/Applications/NetBeans/NetBeans 8.0.app/Contents/Resources/NetBeans/java/modules/ext/spring-4/spring-core-4.0.1.RELEASE.jar:/Applications/NetBeans/NetBeans 8.0.app/Contents/Resources/NetBeans/java/modules/ext/spring-4/spring-expression-4.0.1.RELEASE.jar:/Applications/NetBeans/NetBeans 8.0.app/Contents/Resources/NetBeans/java/modules/ext/spring-4/spring-framework-bom-4.0.1.RELEASE.jar:/Applications/NetBeans/NetBeans 8.0.app/Contents/Resources/NetBeans/java/modules/ext/spring-4/spring-instrument-4.0.1.RELEASE.jar:/Applications/NetBeans/NetBeans 8.0.app/Contents/Resources/NetBeans/java/modules/ext/spring-4/spring-instrument-tomcat-4.0.1.RELEASE.jar:/Applications/NetBeans/NetBeans 8.0.app/Contents/Resources/NetBeans/java/modules/ext/spring-4/spring-jdbc-4.0.1.RELEASE.jar:/Applications/NetBeans/NetBeans 8.0.app/Contents/Resources/NetBeans/java/modules/ext/spring-4/spring-jms-4.0.1.RELEASE.jar:/Applications/NetBeans/NetBeans 8.0.app/Contents/Resources/NetBeans/java/modules/ext/spring-4/spring-messaging-4.0.1.RELEASE.jar:/Applications/NetBeans/NetBeans 8.0.app/Contents/Resources/NetBeans/java/modules/ext/spring-4/spring-orm-4.0.1.RELEASE.jar:/Applications/NetBeans/NetBeans 8.0.app/Contents/Resources/NetBeans/java/modules/ext/spring-4/spring-oxm-4.0.1.RELEASE.jar:/Applications/NetBeans/NetBeans 8.0.app/Contents/Resources/NetBeans/java/modules/ext/spring-4/spring-test-4.0.1.RELEASE.jar:/Applications/NetBeans/NetBeans 8.0.app/Contents/Resources/NetBeans/java/modules/ext/spring-4/spring-tx-4.0.1.RELEASE.jar:/Applications/NetBeans/NetBeans 8.0.app/Contents/Resources/NetBeans/java/modules/ext/spring-4/spring-web-4.0.1.RELEASE.jar:/Applications/NetBeans/NetBeans 8.0.app/Contents/Resources/NetBeans/java/modules/ext/spring-4/spring-webmvc-4.0.1.RELEASE.jar:/Applications/NetBeans/NetBeans 8.0.app/Contents/Resources/NetBeans/java/modules/ext/spring-4/spring-webmvc-portlet-4.0.1.RELEASE.jar:/Applications/NetBeans/NetBeans 8.0.app/Contents/Resources/NetBeans/java/modules/ext/spring-4/spring-websocket-4.0.1.RELEASE.jar" />
    <property name="ant.file.jdk" value="/Applications/NetBeans/NetBeans 8.0.app/Contents/Resources/NetBeans/harness/jdk.xml" />
    <property name="dtd.cp" value="/Applications/VisualVM.app/Contents/Resources/visualvm/platform/core/org-openide-filesystems.jar" />
    <property name="java.rmi.server.randomIDs" value="true" />
    <property name="netbeans.home" value="/Applications/NetBeans/NetBeans 8.0.app/Contents/Resources/NetBeans/platform" />
    <property name="build.compiler.emacs" value="true" />
    <property name="libs.javaee-web-api-6.0.src" value="" />
    <property name="libs.jsp-compilation-syscp.classpath" value="/Applications/NetBeans/NetBeans 8.0.app/Contents/Resources/NetBeans/extide/ant/lib/ant.jar:/Applications/NetBeans/NetBeans 8.0.app/Contents/Resources/NetBeans/enterprise/modules/ext/servlet3.1-jsp2.3-api.jar:/Applications/NetBeans/NetBeans 8.0.app/Contents/Resources/NetBeans/enterprise/modules/ext/glassfish-jspparser-4.0.jar:/Applications/NetBeans/NetBeans 8.0.app/Contents/Resources/NetBeans/enterprise/modules/ext/jstl-impl.jar:/Applications/NetBeans/NetBeans 8.0.app/Contents/Resources/NetBeans/enterprise/modules/ext/jsf-2_2/javax.faces.jar" />
    <property name="java.endorsed.dirs" value="/Library/Java/JavaVirtualMachines/jdk1.8.0_11.jdk/Contents/Home/jre/lib/endorsed" />
    <property name="libs.Comet-GlassFish-v3.maven-pom" value="" />
    <property name="libs.groovy-all.src" value="" />
    <property name="test.includes" value="ru/roseurobank/SnapshotPlugin/**/*Test.java" />
    <property name="netbeans.dynamic.classpath" value="/Applications/NetBeans/NetBeans 8.0.app/Contents/Resources/NetBeans/platform/core/core.jar:/Applications/NetBeans/NetBeans 8.0.app/Contents/Resources/NetBeans/platform/core/org-openide-filesystems.jar:/Applications/NetBeans/NetBeans 8.0.app/Contents/Resources/NetBeans/platform/core/locale/core_ja.jar:/Applications/NetBeans/NetBeans 8.0.app/Contents/Resources/NetBeans/platform/core/locale/core_pt_BR.jar:/Applications/NetBeans/NetBeans 8.0.app/Contents/Resources/NetBeans/platform/core/locale/core_ru.jar:/Applications/NetBeans/NetBeans 8.0.app/Contents/Resources/NetBeans/platform/core/locale/core_zh_CN.jar:/Applications/NetBeans/NetBeans 8.0.app/Contents/Resources/NetBeans/platform/core/locale/org-openide-filesystems_ja.jar:/Applications/NetBeans/NetBeans 8.0.app/Contents/Resources/NetBeans/platform/core/locale/org-openide-filesystems_pt_BR.jar:/Applications/NetBeans/NetBeans 8.0.app/Contents/Resources/NetBeans/platform/core/locale/org-openide-filesystems_ru.jar:/Applications/NetBeans/NetBeans 8.0.app/Contents/Resources/NetBeans/platform/core/locale/org-openide-filesystems_zh_CN.jar:/Applications/NetBeans/NetBeans 8.0.app/Contents/Resources/NetBeans/nb/core/org-netbeans-upgrader.jar:/Applications/NetBeans/NetBeans 8.0.app/Contents/Resources/NetBeans/nb/core/locale/core_nb.jar:/Applications/NetBeans/NetBeans 8.0.app/Contents/Resources/NetBeans/nb/core/locale/core_nb_ja.jar:/Applications/NetBeans/NetBeans 8.0.app/Contents/Resources/NetBeans/nb/core/locale/core_nb_pt_BR.jar:/Applications/NetBeans/NetBeans 8.0.app/Contents/Resources/NetBeans/nb/core/locale/core_nb_ru.jar:/Applications/NetBeans/NetBeans 8.0.app/Contents/Resources/NetBeans/nb/core/locale/core_nb_zh_CN.jar:/Applications/NetBeans/NetBeans 8.0.app/Contents/Resources/NetBeans/nb/core/locale/org-netbeans-upgrader_ja.jar:/Applications/NetBeans/NetBeans 8.0.app/Contents/Resources/NetBeans/nb/core/locale/org-netbeans-upgrader_pt_BR.jar:/Applications/NetBeans/NetBeans 8.0.app/Contents/Resources/NetBeans/nb/core/locale/org-netbeans-upgrader_ru.jar:/Applications/NetBeans/NetBeans 8.0.app/Contents/Resources/NetBeans/nb/core/locale/org-netbeans-upgrader_zh_CN.jar" />
    <property name="java.vm.specification.version" value="1.8" />
    <property name="test.excludes" value="" />
    <property name="libs.hibernate4-support.src" value="" />
    <property name="libs.primefaces.classpath" value="/Applications/NetBeans/NetBeans 8.0.app/Contents/Resources/NetBeans/enterprise/modules/ext/primefaces/primefaces-5.0.jar" />
    <property name="libs.javaee-api-6.0.classpath" value="/Applications/NetBeans/NetBeans 8.0.app/Contents/Resources/NetBeans/enterprise/modules/ext/javaee-api-6.0.jar" />
    <property name="libs.groovy-all.maven-pom" value="" />
    <property name="ftp.nonProxyHosts" value="local|*.local|169.254/16|*.169.254/16" />
    <property name="netbeans.productversion" value="NetBeans IDE 8.0.2 (Build 201411181905)" />
    <property name="libs.jaxws21.src" value="" />
    <property name="netbeans.autoupdate.language" value="en" />
    <property name="cluster.path.final" value="/Applications/VisualVM.app/Contents/Resources/visualvm/platform:/Applications/VisualVM.app/Contents/Resources/visualvm/profiler:/Applications/VisualVM.app/Contents/Resources/visualvm/visualvm:/Users/evgeniy/NetBeansProjects/SnapshotPlugin/build/cluster" />
    <property name="java.vendor" value="Oracle Corporation" />
    <property name="libs.javaee-api-6.0.javadoc" value="/Applications/NetBeans/NetBeans 8.0.app/Contents/Resources/NetBeans/enterprise/docs/javaee-doc-api.jar" />
    <property name="sun.font.fontmanager" value="sun.font.CFontManager" />
    <property name="code.name.base.dashes" value="ru-roseurobank" />
    <property name="user.region" value="US" />
    <property name="file.separator" value="/" />
    <property name="libs.Java-EE-GlassFish-v3-Prelude.maven-pom" value="" />
    <property name="module.run.classpath" value="/Applications/VisualVM.app/Contents/Resources/visualvm/visualvm/modules/com-sun-tools-visualvm-application.jar:/Applications/VisualVM.app/Contents/Resources/visualvm/visualvm/modules/com-sun-tools-visualvm-core.jar:/Applications/VisualVM.app/Contents/Resources/visualvm/visualvm/modules/com-sun-tools-visualvm-uisupport.jar:/Applications/VisualVM.app/Contents/Resources/visualvm/profiler/modules/org-netbeans-lib-profiler-ui.jar:/Applications/VisualVM.app/Contents/Resources/visualvm/profiler/modules/org-netbeans-lib-profiler.jar:/Applications/VisualVM.app/Contents/Resources/visualvm/profiler/modules/org-netbeans-lib-profiler-charts.jar:/Applications/VisualVM.app/Contents/Resources/visualvm/profiler/modules/org-netbeans-modules-profiler-api.jar:/Applications/VisualVM.app/Contents/Resources/visualvm/platform/modules/org-netbeans-api-progress.jar:/Applications/VisualVM.app/Contents/Resources/visualvm/platform/lib/org-openide-util.jar:/Applications/VisualVM.app/Contents/Resources/visualvm/platform/lib/org-openide-util-lookup.jar:/Applications/VisualVM.app/Contents/Resources/visualvm/platform/modules/org-openide-awt.jar:/Applications/VisualVM.app/Contents/Resources/visualvm/platform/modules/org-netbeans-api-annotations-common.jar:/Applications/VisualVM.app/Contents/Resources/visualvm/platform/core/org-openide-filesystems.jar:/Applications/VisualVM.app/Contents/Resources/visualvm/profiler/modules/org-netbeans-lib-profiler-common.jar:/Applications/VisualVM.app/Contents/Resources/visualvm/platform/modules/org-netbeans-modules-editor-mimelookup.jar:/Applications/VisualVM.app/Contents/Resources/visualvm/platform/modules/org-netbeans-modules-autoupdate-services.jar:/Applications/VisualVM.app/Contents/Resources/visualvm/platform/modules/ext/updater.jar:/Applications/VisualVM.app/Contents/Resources/visualvm/platform/lib/boot.jar:/Applications/VisualVM.app/Contents/Resources/visualvm/platform/lib/org-openide-modules.jar:/Applications/VisualVM.app/Contents/Resources/visualvm/platform/core/core.jar:/Applications/VisualVM.app/Contents/Resources/visualvm/platform/modules/org-netbeans-modules-options-api.jar:/Applications/VisualVM.app/Contents/Resources/visualvm/platform/modules/org-netbeans-core.jar:/Applications/VisualVM.app/Contents/Resources/visualvm/platform/modules/org-netbeans-modules-keyring.jar:/Applications/VisualVM.app/Contents/Resources/visualvm/platform/modules/org-netbeans-modules-sampler.jar:/Applications/VisualVM.app/Contents/Resources/visualvm/platform/modules/org-openide-dialogs.jar:/Applications/VisualVM.app/Contents/Resources/visualvm/platform/modules/org-openide-loaders.jar:/Applications/VisualVM.app/Contents/Resources/visualvm/platform/modules/org-netbeans-modules-queries.jar:/Applications/VisualVM.app/Contents/Resources/visualvm/platform/modules/org-openide-actions.jar:/Applications/VisualVM.app/Contents/Resources/visualvm/platform/modules/org-openide-explorer.jar:/Applications/VisualVM.app/Contents/Resources/visualvm/platform/modules/org-netbeans-swing-outline.jar:/Applications/VisualVM.app/Contents/Resources/visualvm/platform/modules/org-netbeans-swing-tabcontrol.jar:/Applications/VisualVM.app/Contents/Resources/visualvm/platform/modules/org-openide-windows.jar:/Applications/VisualVM.app/Contents/Resources/visualvm/platform/modules/org-openide-nodes.jar:/Applications/VisualVM.app/Contents/Resources/visualvm/platform/modules/org-openide-text.jar:/Applications/VisualVM.app/Contents/Resources/visualvm/platform/modules/org-netbeans-swing-plaf.jar:/Applications/VisualVM.app/Contents/Resources/visualvm/platform/modules/org-openide-io.jar:/Applications/VisualVM.app/Contents/Resources/visualvm/platform/modules/org-netbeans-spi-quicksearch.jar:/Applications/VisualVM.app/Contents/Resources/visualvm/profiler/modules/org-netbeans-modules-profiler.jar:/Applications/VisualVM.app/Contents/Resources/visualvm/profiler/modules/org-netbeans-modules-profiler-attach.jar:/Applications/VisualVM.app/Contents/Resources/visualvm/profiler/modules/org-netbeans-modules-profiler-selector-api.jar:/Applications/VisualVM.app/Contents/Resources/visualvm/profiler/modules/org-netbeans-modules-profiler-selector-ui.jar:/Applications/VisualVM.app/Contents/Resources/visualvm/profiler/modules/org-netbeans-modules-profiler-utilities.jar:/Applications/VisualVM.app/Contents/Resources/visualvm/platform/modules/org-netbeans-modules-sendopts.jar:/Applications/VisualVM.app/Contents/Resources/visualvm/visualvm/modules/com-sun-tools-visualvm-host.jar:/Applications/VisualVM.app/Contents/Resources/visualvm/visualvm/modules/com-sun-tools-visualvm-core.jar:/Applications/VisualVM.app/Contents/Resources/visualvm/visualvm/modules/com-sun-tools-visualvm-uisupport.jar:/Applications/VisualVM.app/Contents/Resources/visualvm/profiler/modules/org-netbeans-lib-profiler-ui.jar:/Applications/VisualVM.app/Contents/Resources/visualvm/profiler/modules/org-netbeans-lib-profiler.jar:/Applications/VisualVM.app/Contents/Resources/visualvm/profiler/modules/org-netbeans-lib-profiler-charts.jar:/Applications/VisualVM.app/Contents/Resources/visualvm/profiler/modules/org-netbeans-modules-profiler-api.jar:/Applications/VisualVM.app/Contents/Resources/visualvm/platform/modules/org-netbeans-api-progress.jar:/Applications/VisualVM.app/Contents/Resources/visualvm/platform/lib/org-openide-util.jar:/Applications/VisualVM.app/Contents/Resources/visualvm/platform/lib/org-openide-util-lookup.jar:/Applications/VisualVM.app/Contents/Resources/visualvm/platform/modules/org-openide-awt.jar:/Applications/VisualVM.app/Contents/Resources/visualvm/platform/modules/org-netbeans-api-annotations-common.jar:/Applications/VisualVM.app/Contents/Resources/visualvm/platform/core/org-openide-filesystems.jar:/Applications/VisualVM.app/Contents/Resources/visualvm/profiler/modules/org-netbeans-lib-profiler-common.jar:/Applications/VisualVM.app/Contents/Resources/visualvm/platform/modules/org-netbeans-modules-editor-mimelookup.jar:/Applications/VisualVM.app/Contents/Resources/visualvm/platform/modules/org-netbeans-modules-autoupdate-services.jar:/Applications/VisualVM.app/Contents/Resources/visualvm/platform/modules/ext/updater.jar:/Applications/VisualVM.app/Contents/Resources/visualvm/platform/lib/boot.jar:/Applications/VisualVM.app/Contents/Resources/visualvm/platform/lib/org-openide-modules.jar:/Applications/VisualVM.app/Contents/Resources/visualvm/platform/core/core.jar:/Applications/VisualVM.app/Contents/Resources/visualvm/platform/modules/org-netbeans-modules-options-api.jar:/Applications/VisualVM.app/Contents/Resources/visualvm/platform/modules/org-netbeans-core.jar:/Applications/VisualVM.app/Contents/Resources/visualvm/platform/modules/org-netbeans-modules-keyring.jar:/Applications/VisualVM.app/Contents/Resources/visualvm/platform/modules/org-netbeans-modules-sampler.jar:/Applications/VisualVM.app/Contents/Resources/visualvm/platform/modules/org-openide-dialogs.jar:/Applications/VisualVM.app/Contents/Resources/visualvm/platform/modules/org-openide-loaders.jar:/Applications/VisualVM.app/Contents/Resources/visualvm/platform/modules/org-netbeans-modules-queries.jar:/Applications/VisualVM.app/Contents/Resources/visualvm/platform/modules/org-openide-actions.jar:/Applications/VisualVM.app/Contents/Resources/visualvm/platform/modules/org-openide-explorer.jar:/Applications/VisualVM.app/Contents/Resources/visualvm/platform/modules/org-netbeans-swing-outline.jar:/Applications/VisualVM.app/Contents/Resources/visualvm/platform/modules/org-netbeans-swing-tabcontrol.jar:/Applications/VisualVM.app/Contents/Resources/visualvm/platform/modules/org-openide-windows.jar:/Applications/VisualVM.app/Contents/Resources/visualvm/platform/modules/org-openide-nodes.jar:/Applications/VisualVM.app/Contents/Resources/visualvm/platform/modules/org-openide-text.jar:/Applications/VisualVM.app/Contents/Resources/visualvm/platform/modules/org-netbeans-swing-plaf.jar:/Applications/VisualVM.app/Contents/Resources/visualvm/platform/modules/org-openide-io.jar:/Applications/VisualVM.app/Contents/Resources/visualvm/platform/modules/org-netbeans-spi-quicksearch.jar:/Applications/VisualVM.app/Contents/Resources/visualvm/profiler/modules/org-netbeans-modules-profiler.jar:/Applications/VisualVM.app/Contents/Resources/visualvm/profiler/modules/org-netbeans-modules-profiler-attach.jar:/Applications/VisualVM.app/Contents/Resources/visualvm/profiler/modules/org-netbeans-modules-profiler-selector-api.jar:/Applications/VisualVM.app/Contents/Resources/visualvm/profiler/modules/org-netbeans-modules-profiler-selector-ui.jar:/Applications/VisualVM.app/Contents/Resources/visualvm/profiler/modules/org-netbeans-modules-profiler-utilities.jar:/Applications/VisualVM.app/Contents/Resources/visualvm/platform/modules/org-netbeans-modules-sendopts.jar:/Applications/VisualVM.app/Contents/Resources/visualvm/platform/modules/org-netbeans-modules-settings.jar:/Applications/VisualVM.app/Contents/Resources/visualvm/platform/lib/boot.jar:/Applications/VisualVM.app/Contents/Resources/visualvm/platform/lib/org-openide-modules.jar:/Applications/VisualVM.app/Contents/Resources/visualvm/platform/lib/org-openide-util.jar:/Applications/VisualVM.app/Contents/Resources/visualvm/platform/lib/org-openide-util-lookup.jar:/Applications/VisualVM.app/Contents/Resources/visualvm/platform/core/core.jar:/Applications/VisualVM.app/Contents/Resources/visualvm/platform/core/org-openide-filesystems.jar:/Applications/VisualVM.app/Contents/Resources/visualvm/platform/modules/org-openide-actions.jar:/Applications/VisualVM.app/Contents/Resources/visualvm/platform/modules/org-openide-awt.jar:/Applications/VisualVM.app/Contents/Resources/visualvm/platform/modules/org-netbeans-api-annotations-common.jar:/Applications/VisualVM.app/Contents/Resources/visualvm/platform/modules/org-openide-dialogs.jar:/Applications/VisualVM.app/Contents/Resources/visualvm/platform/modules/org-netbeans-api-progress.jar:/Applications/VisualVM.app/Contents/Resources/visualvm/platform/modules/org-openide-explorer.jar:/Applications/VisualVM.app/Contents/Resources/visualvm/platform/modules/org-netbeans-swing-outline.jar:/Applications/VisualVM.app/Contents/Resources/visualvm/platform/modules/org-netbeans-swing-tabcontrol.jar:/Applications/VisualVM.app/Contents/Resources/visualvm/platform/modules/org-openide-windows.jar:/Applications/VisualVM.app/Contents/Resources/visualvm/platform/modules/org-openide-nodes.jar:/Applications/VisualVM.app/Contents/Resources/visualvm/platform/modules/org-openide-text.jar:/Applications/VisualVM.app/Contents/Resources/visualvm/platform/modules/org-netbeans-modules-editor-mimelookup.jar:/Applications/VisualVM.app/Contents/Resources/visualvm/platform/modules/org-openide-loaders.jar:/Applications/VisualVM.app/Contents/Resources/visualvm/platform/modules/org-netbeans-modules-queries.jar:/Applications/VisualVM.app/Contents/Resources/visualvm/platform/modules/org-openide-awt.jar:/Applications/VisualVM.app/Contents/Resources/visualvm/platform/modules/org-netbeans-api-annotations-common.jar:/Applications/VisualVM.app/Contents/Resources/visualvm/platform/core/org-openide-filesystems.jar:/Applications/VisualVM.app/Contents/Resources/visualvm/platform/lib/org-openide-util.jar:/Applications/VisualVM.app/Contents/Resources/visualvm/platform/lib/org-openide-util-lookup.jar:/Applications/VisualVM.app/Contents/Resources/visualvm/platform/core/org-openide-filesystems.jar:/Applications/VisualVM.app/Contents/Resources/visualvm/platform/lib/org-openide-util.jar:/Applications/VisualVM.app/Contents/Resources/visualvm/platform/lib/org-openide-util-lookup.jar:/Applications/VisualVM.app/Contents/Resources/visualvm/platform/lib/org-openide-modules.jar:/Applications/VisualVM.app/Contents/Resources/visualvm/platform/lib/org-openide-util.jar:/Applications/VisualVM.app/Contents/Resources/visualvm/platform/lib/org-openide-util-lookup.jar:/Applications/VisualVM.app/Contents/Resources/visualvm/platform/lib/org-openide-util.jar:/Applications/VisualVM.app/Contents/Resources/visualvm/platform/lib/org-openide-util-lookup.jar:/Applications/VisualVM.app/Contents/Resources/visualvm/platform/lib/org-openide-util-lookup.jar:/Applications/VisualVM.app/Contents/Resources/visualvm/platform/modules/org-openide-windows.jar:/Applications/VisualVM.app/Contents/Resources/visualvm/platform/modules/org-openide-awt.jar:/Applications/VisualVM.app/Contents/Resources/visualvm/platform/modules/org-netbeans-api-annotations-common.jar:/Applications/VisualVM.app/Contents/Resources/visualvm/platform/core/org-openide-filesystems.jar:/Applications/VisualVM.app/Contents/Resources/visualvm/platform/lib/org-openide-util.jar:/Applications/VisualVM.app/Contents/Resources/visualvm/platform/lib/org-openide-util-lookup.jar:/Applications/VisualVM.app/Contents/Resources/visualvm/platform/modules/org-openide-nodes.jar:/Applications/VisualVM.app/Contents/Resources/visualvm/platform/modules/org-openide-dialogs.jar:/Applications/VisualVM.app/Contents/Resources/visualvm/platform/modules/org-netbeans-api-progress.jar:/Users/evgeniy/NetBeansProjects/SnapshotPlugin/release/modules/ext/junit-4.12.jar" />
    <property name="nbjdk.home.defaulted" value="true" />
    <property name="libs.junit_4.maven-pom" value="" />
    <property name="build.test.unit.work.dir" value="/Users/evgeniy/NetBeansProjects/SnapshotPlugin/build/test/unit/work" />
    <property name="netbeans.buildnumber" value="201411181905" />
    <property name="libs.JWSAntTasks.javadoc" value="" />
    <property name="libs.eclipselinkmodelgen.classpath" value="/Applications/NetBeans/NetBeans 8.0.app/Contents/Resources/NetBeans/java/modules/ext/eclipselink/org.eclipse.persistence.jpa.modelgen_2.5.2.v20140319-9ad6abd.jar" />
    <property name="libs.javaee-endorsed-api-7.0.src" value="" />
    <property name="nbm.needs.restart" value="false" />
    <property name="sun.java.launcher" value="SUN_STANDARD" />
    <property name="libs.junit.classpath" value="/Applications/NetBeans/NetBeans 8.0.app/Contents/Resources/NetBeans/java/modules/ext/junit-3.8.2.jar" />
    <property name="libs.hibernate4-persistencemodelgen.javadoc" value="" />
    <property name="libs.jaxb.javadoc" value="/Applications/NetBeans/NetBeans 8.0.app/Contents/Resources/NetBeans/ide/docs/jaxb-api-doc.zip" />
    <property name="libs.struts.classpath" value="/Applications/NetBeans/NetBeans 8.0.app/Contents/Resources/NetBeans/enterprise/modules/ext/struts/antlr-2.7.2.jar:/Applications/NetBeans/NetBeans 8.0.app/Contents/Resources/NetBeans/enterprise/modules/ext/struts/bsf-2.3.0.jar:/Applications/NetBeans/NetBeans 8.0.app/Contents/Resources/NetBeans/enterprise/modules/ext/struts/commons-beanutils-1.8.0.jar:/Applications/NetBeans/NetBeans 8.0.app/Contents/Resources/NetBeans/enterprise/modules/ext/struts/commons-chain-1.2.jar:/Applications/NetBeans/NetBeans 8.0.app/Contents/Resources/NetBeans/enterprise/modules/ext/struts/commons-digester-1.8.jar:/Applications/NetBeans/NetBeans 8.0.app/Contents/Resources/NetBeans/enterprise/modules/ext/struts/commons-fileupload-1.1.1.jar:/Applications/NetBeans/NetBeans 8.0.app/Contents/Resources/NetBeans/enterprise/modules/ext/struts/commons-io-1.1.jar:/Applications/NetBeans/NetBeans 8.0.app/Contents/Resources/NetBeans/enterprise/modules/ext/struts/commons-logging-1.0.4.jar:/Applications/NetBeans/NetBeans 8.0.app/Contents/Resources/NetBeans/enterprise/modules/ext/struts/commons-validator-1.3.1.jar:/Applications/NetBeans/NetBeans 8.0.app/Contents/Resources/NetBeans/enterprise/modules/ext/struts/jstl-1.0.2.jar:/Applications/NetBeans/NetBeans 8.0.app/Contents/Resources/NetBeans/enterprise/modules/ext/struts/oro-2.0.8.jar:/Applications/NetBeans/NetBeans 8.0.app/Contents/Resources/NetBeans/enterprise/modules/ext/struts/standard-1.0.6.jar:/Applications/NetBeans/NetBeans 8.0.app/Contents/Resources/NetBeans/enterprise/modules/ext/struts/struts-core-1.3.10.jar:/Applications/NetBeans/NetBeans 8.0.app/Contents/Resources/NetBeans/enterprise/modules/ext/struts/struts-el-1.3.10.jar:/Applications/NetBeans/NetBeans 8.0.app/Contents/Resources/NetBeans/enterprise/modules/ext/struts/struts-extras-1.3.10.jar:/Applications/NetBeans/NetBeans 8.0.app/Contents/Resources/NetBeans/enterprise/modules/ext/struts/struts-faces-1.3.10.jar:/Applications/NetBeans/NetBeans 8.0.app/Contents/Resources/NetBeans/enterprise/modules/ext/struts/struts-mailreader-dao-1.3.10.jar:/Applications/NetBeans/NetBeans 8.0.app/Contents/Resources/NetBeans/enterprise/modules/ext/struts/struts-scripting-1.3.10.jar:/Applications/NetBeans/NetBeans 8.0.app/Contents/Resources/NetBeans/enterprise/modules/ext/struts/struts-taglib-1.3.10.jar:/Applications/NetBeans/NetBeans 8.0.app/Contents/Resources/NetBeans/enterprise/modules/ext/struts/struts-tiles-1.3.10.jar" />
    <property name="nbm.executable.files" value="[NOTHING]" />
    <property name="ant.home" value="/Applications/NetBeans/NetBeans 8.0.app/Contents/Resources/NetBeans/extide/ant" />
    <property name="libs.junit_4.src" value="/Applications/NetBeans/NetBeans 8.0.app/Contents/Resources/NetBeans/java/docs/junit-4.10-sources.jar" />
    <property name="libs.testng.classpath" value="/Applications/NetBeans/NetBeans 8.0.app/Contents/Resources/NetBeans/platform/modules/ext/testng-6.8.1-dist.jar" />
    <property name="libs.absolutelayout.maven-pom" value="" />
    <property name="ant.java.version" value="1.8" />
    <property name="java.library.path" value="/Applications/NetBeans/NetBeans 8.0.app/Contents/Resources/NetBeans/webcommon/bin::/Users/evgeniy/Library/Java/Extensions:/Library/Java/Extensions:/Network/Library/Java/Extensions:/System/Library/Java/Extensions:/usr/lib/java:." />
    <property name="libs.metro.maven-pom" value="" />
    <property name="build.test.unit.classes.dir" value="/Users/evgeniy/NetBeansProjects/SnapshotPlugin/build/test/unit/classes" />
    <property name="libs.EclipseLink-GlassFish-v3.src" value="" />
    <property name="java.util.logging.config.class" value="org.netbeans.core.startup.TopLogging" />
    <property name="DSTAMP" value="20150501" />
    <property name="nbjunit.workdir" value="/Users/evgeniy/NetBeansProjects/SnapshotPlugin/build/test/unit/work" />
    <property name="libs.spring-framework400.src" value="" />
    <property name="libs.PostgreSQLDriver.src" value="" />
    <property name="test.qa-functional.data.dir" value="/Users/evgeniy/NetBeansProjects/SnapshotPlugin/test/qa-functional/data" />
    <property name="sun.arch.data.model" value="64" />
    <property name="basedir" value="/Users/evgeniy/NetBeansProjects/SnapshotPlugin" />
    <property name="libs.jpa20-persistence.maven-pom" value="" />
    <property name="test.runner" value="junit" />
    <property name="libs.javaee-web-api-7.0.classpath" value="/Applications/NetBeans/NetBeans 8.0.app/Contents/Resources/NetBeans/enterprise/modules/ext/javaee-web-api-7.0.jar" />
    <property name="path.separator" value=":" />
    <property name="libs.javaee-web-api-6.0.javadoc" value="/Applications/NetBeans/NetBeans 8.0.app/Contents/Resources/NetBeans/enterprise/docs/javaee-doc-api.jar" />
    <property name="ant.junit.enabletestlistenerevents" value="true" />
    <property name="sun.io.unicode.encoding" value="UnicodeBig" />
    <property name="libs.jaxws21.classpath" value="/Applications/NetBeans/NetBeans 8.0.app/Contents/Resources/NetBeans/ide/modules/ext/jaxb/jaxb-impl.jar:/Applications/NetBeans/NetBeans 8.0.app/Contents/Resources/NetBeans/ide/modules/ext/jaxb/jaxb-xjc.jar:/Applications/NetBeans/NetBeans 8.0.app/Contents/Resources/NetBeans/java/modules/ext/jaxws22/FastInfoset.jar:/Applications/NetBeans/NetBeans 8.0.app/Contents/Resources/NetBeans/java/modules/ext/jaxws22/gmbal-api-only.jar:/Applications/NetBeans/NetBeans 8.0.app/Contents/Resources/NetBeans/java/modules/ext/jaxws22/ha-api.jar:/Applications/NetBeans/NetBeans 8.0.app/Contents/Resources/NetBeans/java/modules/ext/jaxws22/javax.mail_1.4.jar:/Applications/NetBeans/NetBeans 8.0.app/Contents/Resources/NetBeans/java/modules/ext/jaxws22/jaxws-rt.jar:/Applications/NetBeans/NetBeans 8.0.app/Contents/Resources/NetBeans/java/modules/ext/jaxws22/jaxws-tools.jar:/Applications/NetBeans/NetBeans 8.0.app/Contents/Resources/NetBeans/java/modules/ext/jaxws22/management-api.jar:/Applications/NetBeans/NetBeans 8.0.app/Contents/Resources/NetBeans/java/modules/ext/jaxws22/mimepull.jar:/Applications/NetBeans/NetBeans 8.0.app/Contents/Resources/NetBeans/java/modules/ext/jaxws22/policy.jar:/Applications/NetBeans/NetBeans 8.0.app/Contents/Resources/NetBeans/java/modules/ext/jaxws22/saaj-impl.jar:/Applications/NetBeans/NetBeans 8.0.app/Contents/Resources/NetBeans/java/modules/ext/jaxws22/stax-ex.jar:/Applications/NetBeans/NetBeans 8.0.app/Contents/Resources/NetBeans/java/modules/ext/jaxws22/stax2-api.jar:/Applications/NetBeans/NetBeans 8.0.app/Contents/Resources/NetBeans/java/modules/ext/jaxws22/streambuffer.jar:/Applications/NetBeans/NetBeans 8.0.app/Contents/Resources/NetBeans/java/modules/ext/jaxws22/woodstox-core-asl.jar:/Applications/NetBeans/NetBeans 8.0.app/Contents/Resources/NetBeans/java/modules/ext/jaxws22/api/jaxws-api.jar:/Applications/NetBeans/NetBeans 8.0.app/Contents/Resources/NetBeans/java/modules/ext/jaxws22/api/jsr181-api.jar:/Applications/NetBeans/NetBeans 8.0.app/Contents/Resources/NetBeans/java/modules/ext/jaxws22/api/javax.annotation.jar:/Applications/NetBeans/NetBeans 8.0.app/Contents/Resources/NetBeans/java/modules/ext/jaxws22/api/saaj-api.jar:/Applications/NetBeans/NetBeans 8.0.app/Contents/Resources/NetBeans/ide/modules/ext/jaxb/activation.jar:/Applications/NetBeans/NetBeans 8.0.app/Contents/Resources/NetBeans/ide/modules/ext/jaxb/api/jaxb-api.jar:/Applications/NetBeans/NetBeans 8.0.app/Contents/Resources/NetBeans/ide/modules/ext/jaxb/api/jsr173_1.0_api.jar" />
    <property name="TSTAMP" value="1444" />
    <property name="libs.struts.src" value="" />
    <property name="apple.awt.graphics.UseQuartz" value="true" />
    <property name="user.language" value="ru" />
    <property name="libs.JAXB-ENDORSED.maven-pom" value="" />
    <property name="libs.eclipselink.maven-pom" value="" />
    <property name="module.classpath" value="/Users/evgeniy/NetBeansProjects/SnapshotPlugin/build/public-package-jars/com-sun-tools-visualvm-application.jar:/Users/evgeniy/NetBeansProjects/SnapshotPlugin/build/public-package-jars/com-sun-tools-visualvm-core.jar:/Users/evgeniy/NetBeansProjects/SnapshotPlugin/build/public-package-jars/org-netbeans-modules-settings.jar:/Users/evgeniy/NetBeansProjects/SnapshotPlugin/build/public-package-jars/org-openide-awt.jar:/Users/evgeniy/NetBeansProjects/SnapshotPlugin/build/public-package-jars/org-openide-filesystems.jar:/Users/evgeniy/NetBeansProjects/SnapshotPlugin/build/public-package-jars/org-openide-modules.jar:/Users/evgeniy/NetBeansProjects/SnapshotPlugin/build/public-package-jars/org-openide-util.jar:/Users/evgeniy/NetBeansProjects/SnapshotPlugin/build/public-package-jars/org-openide-util-lookup.jar:/Users/evgeniy/NetBeansProjects/SnapshotPlugin/build/public-package-jars/org-openide-windows.jar:/Users/evgeniy/NetBeansProjects/SnapshotPlugin/release/modules/ext/junit-4.12.jar" />
    <property name="libs.primefaces.javadoc" value="" />
    <property name="libs.spring-framework300.maven-pom" value="" />
    <property name="ant.project.invoked-targets" value="-do-junit-single" />
    <property name="build.test.unit.results.dir" value="/Users/evgeniy/NetBeansProjects/SnapshotPlugin/build/test/unit/results" />
    <property name="test-qa-functional-sys-prop.cluster.path.final" value="/Applications/VisualVM.app/Contents/Resources/visualvm/platform:/Applications/VisualVM.app/Contents/Resources/visualvm/profiler:/Applications/VisualVM.app/Contents/Resources/visualvm/visualvm:/Users/evgeniy/NetBeansProjects/SnapshotPlugin/build/cluster" />
    <property name="libs.swing-layout.javadoc" value="/Applications/NetBeans/NetBeans 8.0.app/Contents/Resources/NetBeans/platform/docs/swing-layout-1.0.4-doc.zip" />
    <property name="nbm.is.global" value="" />
    <property name="sun.java2d.dpiaware" value="true" />
    <property name="cluster.path.evaluated" value="/Applications/VisualVM.app/Contents/Resources/visualvm/platform:/Applications/VisualVM.app/Contents/Resources/visualvm/profiler:/Applications/VisualVM.app/Contents/Resources/visualvm/visualvm" />
    <property name="libs.hibernate4-persistence.maven-pom" value="" />
    <property name="gopherProxySet" value="false" />
    <property name="libs.DataBindingME-SVG.classpath" value="/Applications/NetBeans/NetBeans 8.0.app/Contents/Resources/NetBeans/mobility/modules/ext/netbeans_databindingme_svg.jar" />
    <property name="https.nonProxyHosts" value="localhost|127.0.0.1|mbp-evgenij" />
    <property name="libs.PostgreSQLDriver.maven-pom" value="" />
    <property name="java.class.version" value="52.0" />
    <property name="libs.JAVADB_DRIVER_LABEL.classpath" value="/Applications/NetBeans/glassfish-4.0/javadb/lib/derby.jar:/Applications/NetBeans/glassfish-4.0/javadb/lib/derbyclient.jar:/Applications/NetBeans/glassfish-4.0/javadb/lib/derbynet.jar" />
    <property name="libs.hibernate4-persistencemodelgen.maven-pom" value="" />
    <property name="libs.javaee-endorsed-api-6.0.src" value="" />
    <property name="libs.eclipselink.javadoc" value="/Applications/NetBeans/NetBeans 8.0.app/Contents/Resources/NetBeans/java/modules/ext/docs/javax.persistence-2.1.0-doc.zip" />
    <property name="libs.jsp-compilation.maven-pom" value="" />
    <property name="user.properties.file" value="/Users/evgeniy/Library/Application Support/NetBeans/8.0/build.properties" />
    <property name="libs.javac-api.maven-pom" value="" />
    <property name="file.encoding.pkg" value="sun.io" />
    <property name="sun.cpu.endian" value="little" />
    <property name="harness.taskdefs.done" value="true" />
    <property name="libs.JAXB-ENDORSED.javadoc" value="" />
    <property name="code.name.base" value="ru.roseurobank" />
    <property name="java.home.parent" value="/Library/Java/JavaVirtualMachines/jdk1.8.0_11.jdk/Contents/Home" />
    <property name="libs.JWSAntTasks.classpath" value="/Applications/NetBeans/NetBeans 8.0.app/Contents/Resources/NetBeans/java/ant/extra/org-netbeans-modules-javawebstart-anttasks.jar" />
    <property name="libs.spring-webmvc4.0.maven-pom" value="" />
    <property name="libs.spring-framework300.src" value="" />
    <property name="test.unit.runtime.cp" value=":/Users/evgeniy/.m2/repository/junit/junit/4.8.2/junit-4.8.2.jar" />
    <property name="libs.jstl.src" value="" />
    <property name="test.qa-functional.runtime.cp" value="/Applications/VisualVM.app/Contents/Resources/visualvm/platform/lib/org-openide-util.jar" />
    <property name="is.jar.uptodate" value="true" />
    <property name="libs.hibernate4-persistencemodelgen.src" value="" />
    <property name="socksNonProxyHosts" value="local|*.local|169.254/16|*.169.254/16" />
    <property name="libs.jpa20-persistence.javadoc" value="/Applications/NetBeans/NetBeans 8.0.app/Contents/Resources/NetBeans/java/modules/ext/docs/javax.persistence-2.1.0-doc.zip" />
    <property name="test.qa-functional.cp.extra" value="" />
    <property name="nbplatform.default.harness.dir" value="/Applications/NetBeans/NetBeans 8.0.app/Contents/Resources/NetBeans/harness" />
    <property name="cp.extra" value="" />
    <property name="java.home" value="/Library/Java/JavaVirtualMachines/jdk1.8.0_11.jdk/Contents/Home/jre" />
    <property name="libs.jsp-compilation.src" value="" />
    <property name="javahelp.jar.dir" value="modules/docs" />
    <property name="libs.javaee-endorsed-api-6.0.classpath" value="/Applications/NetBeans/NetBeans 8.0.app/Contents/Resources/NetBeans/enterprise/modules/ext/javaee6-endorsed/javax.annotation.jar:/Applications/NetBeans/NetBeans 8.0.app/Contents/Resources/NetBeans/enterprise/modules/ext/javaee6-endorsed/jaxb-api-osgi.jar:/Applications/NetBeans/NetBeans 8.0.app/Contents/Resources/NetBeans/enterprise/modules/ext/javaee6-endorsed/webservices-api-osgi.jar" />
    <property name="libs.javaee-api-6.0.src" value="" />
    <property name="netbeans.importclass" value="org.netbeans.upgrade.AutoUpgrade" />
    <property name="ant.project.default-target" value="netbeans" />
    <property name="ant.file.harness" value="/Applications/NetBeans/NetBeans 8.0.app/Contents/Resources/NetBeans/harness/build.xml" />
    <property name="public.package.jar.dir" value="/Users/evgeniy/NetBeansProjects/SnapshotPlugin/build/public-package-jars" />
    <property name="class.path.extensions" value="ext/junit-4.12.jar" />
    <property name="libs.DataBindingME.maven-pom" value="" />
    <property name="libs.PostgreSQLDriver.javadoc" value="" />
    <property name="libs.restlib.classpath" value="/Applications/NetBeans/NetBeans 8.0.app/Contents/Resources/NetBeans/enterprise/modules/ext/jersey2/ext/asm-all-repackaged-2.2.0-b21.jar:/Applications/NetBeans/NetBeans 8.0.app/Contents/Resources/NetBeans/enterprise/modules/ext/jersey2/ext/cglib-2.2.0-b21.jar:/Applications/NetBeans/NetBeans 8.0.app/Contents/Resources/NetBeans/enterprise/modules/ext/jersey2/ext/guava-14.0.1.jar:/Applications/NetBeans/NetBeans 8.0.app/Contents/Resources/NetBeans/enterprise/modules/ext/jersey2/ext/hk2-api-2.2.0-b21.jar:/Applications/NetBeans/NetBeans 8.0.app/Contents/Resources/NetBeans/enterprise/modules/ext/jersey2/ext/hk2-locator-2.2.0-b21.jar:/Applications/NetBeans/NetBeans 8.0.app/Contents/Resources/NetBeans/enterprise/modules/ext/jersey2/ext/hk2-utils-2.2.0-b21.jar:/Applications/NetBeans/NetBeans 8.0.app/Contents/Resources/NetBeans/enterprise/modules/ext/jersey2/ext/javax.annotation-api-1.2.jar:/Applications/NetBeans/NetBeans 8.0.app/Contents/Resources/NetBeans/enterprise/modules/ext/jersey2/ext/javax.inject-2.2.0-b21.jar:/Applications/NetBeans/NetBeans 8.0.app/Contents/Resources/NetBeans/enterprise/modules/ext/jersey2/ext/javax.servlet-api-3.0.1.jar:/Applications/NetBeans/NetBeans 8.0.app/Contents/Resources/NetBeans/enterprise/modules/ext/jersey2/ext/jaxb-api-2.2.7.jar:/Applications/NetBeans/NetBeans 8.0.app/Contents/Resources/NetBeans/enterprise/modules/ext/jersey2/ext/jersey-entity-filtering-2.5.1.jar:/Applications/NetBeans/NetBeans 8.0.app/Contents/Resources/NetBeans/enterprise/modules/ext/jersey2/ext/jersey-media-moxy-2.5.1.jar:/Applications/NetBeans/NetBeans 8.0.app/Contents/Resources/NetBeans/enterprise/modules/ext/jersey2/ext/org.osgi.core-4.2.0.jar:/Applications/NetBeans/NetBeans 8.0.app/Contents/Resources/NetBeans/enterprise/modules/ext/jersey2/ext/osgi-resource-locator-1.0.1.jar:/Applications/NetBeans/NetBeans 8.0.app/Contents/Resources/NetBeans/enterprise/modules/ext/jersey2/ext/persistence-api-1.0.jar:/Applications/NetBeans/NetBeans 8.0.app/Contents/Resources/NetBeans/enterprise/modules/ext/jersey2/ext/validation-api-1.1.0.Final.jar:/Applications/NetBeans/NetBeans 8.0.app/Contents/Resources/NetBeans/enterprise/modules/ext/jersey2/jersey-client.jar:/Applications/NetBeans/NetBeans 8.0.app/Contents/Resources/NetBeans/enterprise/modules/ext/jersey2/jersey-common.jar:/Applications/NetBeans/NetBeans 8.0.app/Contents/Resources/NetBeans/enterprise/modules/ext/jersey2/jersey-container-servlet.jar:/Applications/NetBeans/NetBeans 8.0.app/Contents/Resources/NetBeans/enterprise/modules/ext/jersey2/jersey-container-servlet-core.jar:/Applications/NetBeans/NetBeans 8.0.app/Contents/Resources/NetBeans/enterprise/modules/ext/jersey2/jersey-server.jar:/Applications/NetBeans/NetBeans 8.0.app/Contents/Resources/NetBeans/java/modules/ext/eclipselink/eclipselink.jar" />
    <property name="nbm.distribution" value="" />
    <property name="libs.MySQLDriver.maven-pom" value="" />
    <property name="libs.hibernate4-persistence.javadoc" value="/Applications/NetBeans/NetBeans 8.0.app/Contents/Resources/NetBeans/java/modules/ext/docs/javax.persistence-2.1.0-doc.zip" />
    <property name="http.nonProxyHosts" value="local|*.local|169.254/16|*.169.254/16" />
    <property name="libs.junit_4.javadoc" value="/Applications/NetBeans/NetBeans 8.0.app/Contents/Resources/NetBeans/java/docs/junit-4.10-javadoc.jar" />
    <property name="libs.EclipseLink-GlassFish-v3.maven-pom" value="" />
    <property name="libs.javaee-web-api-6.0.maven-pom" value="" />
    <property name="jna.boot.library.name" value="jnidispatch-410" />
    <property name="libs.javaee-endorsed-api-6.0.javadoc" value="/Applications/NetBeans/NetBeans 8.0.app/Contents/Resources/NetBeans/enterprise/docs/javaee-doc-api.jar" />
    <property name="libs.javaee-api-7.0.classpath" value="/Applications/NetBeans/NetBeans 8.0.app/Contents/Resources/NetBeans/enterprise/modules/ext/javaee-api-7.0.jar" />
    <property name="sun.awt.datatransfer.timeout" value="1000" />
    <property name="module.build.started.time" value="2015-05-01T14:44:23.945+0400" />
    <property name="libs.spring-webmvc3.0.javadoc" value="" />
    <property name="libs.jpa2-persistence.maven-pom" value="" />
    <property name="libs.hibernate4-support.classpath" value="/Applications/NetBeans/NetBeans 8.0.app/Contents/Resources/NetBeans/java/modules/ext/hibernate4/antlr-2.7.7.jar:/Applications/NetBeans/NetBeans 8.0.app/Contents/Resources/NetBeans/java/modules/ext/hibernate4/c3p0-0.9.2.1.jar:/Applications/NetBeans/NetBeans 8.0.app/Contents/Resources/NetBeans/java/modules/ext/hibernate4/hibernate-c3p0-4.3.1.Final.jar:/Applications/NetBeans/NetBeans 8.0.app/Contents/Resources/NetBeans/java/modules/ext/hibernate4/mchange-commons-java-0.2.3.4.jar:/Applications/NetBeans/NetBeans 8.0.app/Contents/Resources/NetBeans/java/modules/ext/hibernate4/dom4j-1.6.1.jar:/Applications/NetBeans/NetBeans 8.0.app/Contents/Resources/NetBeans/java/modules/ext/hibernate4/ehcache-core-2.4.3.jar:/Applications/NetBeans/NetBeans 8.0.app/Contents/Resources/NetBeans/java/modules/ext/hibernate4/hibernate-ehcache-4.3.1.Final.jar:/Applications/NetBeans/NetBeans 8.0.app/Contents/Resources/NetBeans/java/modules/ext/hibernate4/hibernate-core-4.3.1.Final.jar:/Applications/NetBeans/NetBeans 8.0.app/Contents/Resources/NetBeans/java/modules/ext/hibernate4/jboss-logging-3.1.3.GA.jar:/Applications/NetBeans/NetBeans 8.0.app/Contents/Resources/NetBeans/java/modules/ext/hibernate4/hibernate-commons-annotations-4.0.4.Final.jar:/Applications/NetBeans/NetBeans 8.0.app/Contents/Resources/NetBeans/java/modules/ext/hibernate4/hibernate-entitymanager-4.3.1.Final.jar:/Applications/NetBeans/NetBeans 8.0.app/Contents/Resources/NetBeans/java/modules/ext/hibernate4/javassist-3.18.1-GA.jar:/Applications/NetBeans/NetBeans 8.0.app/Contents/Resources/NetBeans/java/modules/ext/hibernate4/jboss-transaction-api_1.2_spec-1.0.0.Final.jar:/Applications/NetBeans/NetBeans 8.0.app/Contents/Resources/NetBeans/java/modules/ext/hibernate4/slf4j-api-1.6.1.jar:/Applications/NetBeans/NetBeans 8.0.app/Contents/Resources/NetBeans/java/modules/ext/hibernate4/slf4j-simple-1.6.1.jar" />
    <property name="build.test.qa-functional.classes.dir" value="/Users/evgeniy/NetBeansProjects/SnapshotPlugin/build/test/qa-functional/classes" />
    <property name="module.dependencies" value="com.sun.tools.visualvm.application/0 &gt; 1.9, com.sun.tools.visualvm.core/0 &gt; 1.4, org.netbeans.modules.settings/1 &gt; 1.44.1, org.openide.awt &gt; 7.61.2, org.openide.filesystems &gt; 8.10.1, org.openide.modules &gt; 7.42.1, org.openide.util &gt; 8.37.1, org.openide.util.lookup &gt; 8.24.1, org.openide.windows &gt; 6.70.1" />
    <property name="nb.native.filechooser" value="false" />
    <property name="libs.restapi.src" value="" />
    <property name="sun.management.compiler" value="HotSpot 64-Bit Tiered Compilers" />
    <property name="libs.j2me_common_ant.javadoc" value="" />
    <property name="sun.java2d.noddraw" value="true" />
    <property name="libs.jsp-compiler.classpath" value="/Applications/NetBeans/NetBeans 8.0.app/Contents/Resources/NetBeans/enterprise/ant/extra/jspcompile.jar" />
    <property name="tools.jar" value="/Library/Java/JavaVirtualMachines/jdk1.8.0_11.jdk/Contents/Home/lib/tools.jar" />
    <property name="javac.compilerargs" value="-Xlint -Xlint:-serial" />
    <property name="ant.file" value="/Users/evgeniy/NetBeansProjects/SnapshotPlugin/build.xml" />
    <property name="libs.beans-binding.maven-pom" value="" />
    <property name="ant.file.projectized-common" value="/Applications/NetBeans/NetBeans 8.0.app/Contents/Resources/NetBeans/harness/common.xml" />
    <property name="libs.hibernate4-support.javadoc" value="/Applications/NetBeans/NetBeans 8.0.app/Contents/Resources/NetBeans/java/modules/ext/docs/javax.persistence-2.1.0-doc.zip" />
    <property name="libs.jsf12.classpath" value="/Applications/NetBeans/NetBeans 8.0.app/Contents/Resources/NetBeans/enterprise/modules/ext/jsf-1_2/commons-beanutils.jar:/Applications/NetBeans/NetBeans 8.0.app/Contents/Resources/NetBeans/enterprise/modules/ext/jsf-1_2/commons-collections.jar:/Applications/NetBeans/NetBeans 8.0.app/Contents/Resources/NetBeans/enterprise/modules/ext/jsf-1_2/commons-digester.jar:/Applications/NetBeans/NetBeans 8.0.app/Contents/Resources/NetBeans/enterprise/modules/ext/jsf-1_2/commons-logging.jar:/Applications/NetBeans/NetBeans 8.0.app/Contents/Resources/NetBeans/enterprise/modules/ext/jsf-1_2/jsf-api.jar:/Applications/NetBeans/NetBeans 8.0.app/Contents/Resources/NetBeans/enterprise/modules/ext/jsf-1_2/jsf-impl.jar" />
    <property name="nbjdk.home" value="/Library/Java/JavaVirtualMachines/jdk1.8.0_11.jdk/Contents/Home" />
    <property name="test.unit.data.dir" value="/Users/evgeniy/NetBeansProjects/SnapshotPlugin/test/unit/data" />
    <property name="libs.Java-EE-GlassFish-v3-Prelude.classpath" value="/Users/evgeniy/Documents/Java/glassfish4/glassfish/modules/endorsed/javax.annotation-api.jar:/Users/evgeniy/Documents/Java/glassfish4/glassfish/modules/endorsed/jaxb-api.jar:/Users/evgeniy/Documents/Java/glassfish4/glassfish/modules/endorsed/webservices-api-osgi.jar:/Users/evgeniy/Documents/Java/glassfish4/glassfish/modules/bean-validator.jar:/Users/evgeniy/Documents/Java/glassfish4/glassfish/modules/javax.batch-api.jar:/Users/evgeniy/Documents/Java/glassfish4/glassfish/modules/javax.ejb-api.jar:/Users/evgeniy/Documents/Java/glassfish4/glassfish/modules/javax.el.jar:/Users/evgeniy/Documents/Java/glassfish4/glassfish/modules/javax.enterprise.concurrent-api.jar:/Users/evgeniy/Documents/Java/glassfish4/glassfish/modules/javax.enterprise.concurrent.jar:/Users/evgeniy/Documents/Java/glassfish4/glassfish/modules/javax.enterprise.deploy-api.jar:/Users/evgeniy/Documents/Java/glassfish4/glassfish/modules/javax.faces.jar:/Users/evgeniy/Documents/Java/glassfish4/glassfish/modules/javax.inject.jar:/Users/evgeniy/Documents/Java/glassfish4/glassfish/modules/javax.interceptor-api.jar:/Users/evgeniy/Documents/Java/glassfish4/glassfish/modules/javax.jms-api.jar:/Users/evgeniy/Documents/Java/glassfish4/glassfish/modules/javax.json.jar:/Users/evgeniy/Documents/Java/glassfish4/glassfish/modules/javax.mail.jar:/Users/evgeniy/Documents/Java/glassfish4/glassfish/modules/javax.management.j2ee-api.jar:/Users/evgeniy/Documents/Java/glassfish4/glassfish/modules/javax.persistence.jar:/Users/evgeniy/Documents/Java/glassfish4/glassfish/modules/javax.resource-api.jar:/Users/evgeniy/Documents/Java/glassfish4/glassfish/modules/javax.security.auth.message-api.jar:/Users/evgeniy/Documents/Java/glassfish4/glassfish/modules/javax.security.jacc-api.jar:/Users/evgeniy/Documents/Java/glassfish4/glassfish/modules/javax.servlet-api.jar:/Users/evgeniy/Documents/Java/glassfish4/glassfish/modules/javax.servlet.jsp-api.jar:/Users/evgeniy/Documents/Java/glassfish4/glassfish/modules/javax.servlet.jsp.jar:/Users/evgeniy/Documents/Java/glassfish4/glassfish/modules/javax.servlet.jsp.jstl-api.jar:/Users/evgeniy/Documents/Java/glassfish4/glassfish/modules/javax.servlet.jsp.jstl.jar:/Users/evgeniy/Documents/Java/glassfish4/glassfish/modules/javax.transaction-api.jar:/Users/evgeniy/Documents/Java/glassfish4/glassfish/modules/javax.websocket-api.jar:/Users/evgeniy/Documents/Java/glassfish4/glassfish/modules/javax.ws.rs-api.jar:/Users/evgeniy/Documents/Java/glassfish4/glassfish/modules/javax.xml.registry-api.jar:/Users/evgeniy/Documents/Java/glassfish4/glassfish/modules/javax.xml.rpc-api.jar:/Users/evgeniy/Documents/Java/glassfish4/glassfish/modules/jaxb-osgi.jar:/Users/evgeniy/Documents/Java/glassfish4/glassfish/modules/webservices-osgi.jar:/Users/evgeniy/Documents/Java/glassfish4/glassfish/modules/weld-osgi-bundle.jar:/Users/evgeniy/Documents/Java/glassfish4/mq/lib/jaxm-api.jar" />
    <property name="libs.jstl.maven-pom" value="" />
    <property name="libs.restapi.maven-pom" value="" />
    <property name="libs.beans-binding.src" value="" />
    <property name="javahelp.jar.basename" value="ru-roseurobank.jar" />
    <property name="nbm.homepage" value="" />
    <property name="java.vm.specification.vendor" value="Oracle Corporation" />
    <property name="libs.DataBindingME-PIM.javadoc" value="/Applications/NetBeans/NetBeans 8.0.app/Contents/Resources/NetBeans/mobility/modules/docs/netbeans_databindingme_pim-api.zip" />
    <property name="libs.swing-layout.src" value="/Applications/NetBeans/NetBeans 8.0.app/Contents/Resources/NetBeans/platform/docs/swing-layout-1.0.4-src.zip" />
    <property name="nbm.release.date" value="" />
    <property name="test.timeout" value="600000" />
    <property name="org.openide.major.version" value="IDE/1" />
    <property name="java.vm.name" value="Java HotSpot(TM) 64-Bit Server VM" />
    <property name="build.javahelp.dir" value="/Users/evgeniy/NetBeansProjects/SnapshotPlugin/build/javahelp" />
    <property name="build.test.unit.dir" value="/Users/evgeniy/NetBeansProjects/SnapshotPlugin/build/test/unit" />
    <property name="build.test.qa-functional.results.dir" value="/Users/evgeniy/NetBeansProjects/SnapshotPlugin/build/test/qa-functional/results" />
    <property name="netbeans.user" value="/Users/evgeniy/Library/Application Support/NetBeans/8.0" />
    <property name="ant.file.type.jdk" value="file" />
    <property name="java.io.tmpdir" value="/var/folders/29/7h7_dl397991rpffqg5m60rh0000gn/T/" />
    <property name="java.vendor.url" value="http://java.oracle.com/" />
    <property name="libs.jsp-compiler.src" value="" />
    <property name="org.openide.awt.ActionReference.completion" value="org.netbeans.modules.apisupport.project.layers.PathCompletions" />
    <property name="sun.boot.library.path" value="/Library/Java/JavaVirtualMachines/jdk1.8.0_11.jdk/Contents/Home/jre/lib" />
    <property name="no.netbeans.bootclasspath.prepend.needed" value="true" />
    <property name="libs.jsf20.classpath" value="/Applications/NetBeans/NetBeans 8.0.app/Contents/Resources/NetBeans/enterprise/modules/ext/jsf-2_2/javax.faces.jar" />
    <property name="libs.DataBindingME-SVG.src" value="/Applications/NetBeans/NetBeans 8.0.app/Contents/Resources/NetBeans/mobility/sources/netbeans_databindingme_svg-src.zip" />
    <property name="manifest.mf" value="/Users/evgeniy/NetBeansProjects/SnapshotPlugin/manifest.mf" />
    <property name="libs.spring-framework400.maven-pom" value="" />
    <property name="java.runtime.name" value="Java(TM) SE Runtime Environment" />
    <property name="ant.project.name" value="ru.roseurobank" />
    <property name="javahelp.base" value="ru/roseurobank/docs" />
    <property name="javahelp.jar" value="modules/docs/ru-roseurobank.jar" />
    <property name="netbeans.hash.code" value="unique=NB_JAVA_WEBCOMMON_WEBEE_MOB_CND_GROOVY_PHP_GFMOD007f73c9e-862a-4e6f-a311-0a425bcc92bc_07ed0f89-7858-48c6-b93c-f6c4cadca7ba" />
    <property name="netbeans.default_userdir_root" value="/Users/evgeniy/Library/Application Support/NetBeans" />
    <property name="libs.jsp-compilation-syscp.maven-pom" value="" />
    <property name="sun.cpu.isalist" value="" />
    <property name="libs.CopyLibs.javadoc" value="" />
    <property name="libs.spring-framework400.javadoc" value="" />
    <property name="test.qa-functional.dir" value="/Users/evgeniy/NetBeansProjects/SnapshotPlugin/test/qa-functional" />
    <property name="org.openide.specification.version" value="6.2" />
    <property name="netbeans.javadoc.dir" value="/Users/evgeniy/NetBeansProjects/SnapshotPlugin/build/javadoc" />
    <property name="libs.DataBindingME-PIM.classpath" value="/Applications/NetBeans/NetBeans 8.0.app/Contents/Resources/NetBeans/mobility/modules/ext/netbeans_databindingme_pim.jar" />
    <property name="ant.file.type.projectized-common" value="file" />
    <property name="user.home" value="/Users/evgeniy" />
    <property name="libs.primefaces.maven-pom" value="" />
    <property name="libs.javaee-api-6.0.maven-pom" value="" />
    <property name="libs.JWSAntTasks.src" value="" />
    <property name="libs.CopyLibs.maven-pom" value="" />
    <property name="libs.absolutelayout.javadoc" value="" />
    <property name="libs.spring-framework300.javadoc" value="" />
    <property name="java.specification.name" value="Java Platform API Specification" />
    <property name="test.unit.cp.extra" value="" />
    <property name="java.specification.vendor" value="Oracle Corporation" />
    <property name="libs.javac-api.classpath" value="/Applications/NetBeans/NetBeans 8.0.app/Contents/Resources/NetBeans/java/modules/ext/nb-javac-api.jar" />
    <property name="java.version" value="1.8.0_11" />
    <property name="run.jvmargs.ide" value="" />
    <property name="test-unit-sys-prop.cluster.path.final" value="/Applications/VisualVM.app/Contents/Resources/visualvm/platform:/Applications/VisualVM.app/Contents/Resources/visualvm/profiler:/Applications/VisualVM.app/Contents/Resources/visualvm/visualvm:/Users/evgeniy/NetBeansProjects/SnapshotPlugin/build/cluster" />
    <property name="libs.MySQLDriver.javadoc" value="" />
    <property name="org.openide.version" value="deprecated" />
    <property name="libs.eclipselinkmodelgen.maven-pom" value="" />
    <property name="ant.file.no-testcoverage" value="/Applications/NetBeans/NetBeans 8.0.app/Contents/Resources/NetBeans/harness/no-testcoverage.xml" />
    <property name="libs.jsp-compilation-syscp.javadoc" value="" />
    <property name="libs.junit.maven-pom" value="" />
    <property name="is.regular" value="true" />
    <property name="libs.javaee-endorsed-api-7.0.classpath" value="/Applications/NetBeans/NetBeans 8.0.app/Contents/Resources/NetBeans/enterprise/modules/ext/javaee7-endorsed/javax.annotation-api.jar:/Applications/NetBeans/NetBeans 8.0.app/Contents/Resources/NetBeans/enterprise/modules/ext/javaee7-endorsed/javax.xml.soap-api.jar:/Applications/NetBeans/NetBeans 8.0.app/Contents/Resources/NetBeans/enterprise/modules/ext/javaee7-endorsed/jaxb-api-osgi.jar:/Applications/NetBeans/NetBeans 8.0.app/Contents/Resources/NetBeans/enterprise/modules/ext/javaee7-endorsed/jaxws-api.jar:/Applications/NetBeans/NetBeans 8.0.app/Contents/Resources/NetBeans/enterprise/modules/ext/javaee7-endorsed/jsr181-api.jar" />
    <property name="libs.eclipselinkmodelgen.javadoc" value="" />
    <property name="libs.metro.javadoc" value="/Applications/NetBeans/NetBeans 8.0.app/Contents/Resources/NetBeans/enterprise/docs/metro-1.4-doc.zip" />
    <property name="libs.struts.maven-pom" value="" />
    <property name="ant.file.ru.roseurobank" value="/Users/evgeniy/NetBeansProjects/SnapshotPlugin/build.xml" />
    <property name="libs.testng.maven-pom" value="" />
    <property name="libs.jaxb.src" value="" />
    <property name="libs.jaxb.classpath" value="/Applications/NetBeans/NetBeans 8.0.app/Contents/Resources/NetBeans/ide/modules/ext/jaxb/jaxb-impl.jar:/Applications/NetBeans/NetBeans 8.0.app/Contents/Resources/NetBeans/ide/modules/ext/jaxb/jaxb-xjc.jar:/Applications/NetBeans/NetBeans 8.0.app/Contents/Resources/NetBeans/ide/modules/ext/jaxb/jaxb1-impl.jar:/Applications/NetBeans/NetBeans 8.0.app/Contents/Resources/NetBeans/ide/modules/ext/jaxb/activation.jar:/Applications/NetBeans/NetBeans 8.0.app/Contents/Resources/NetBeans/ide/modules/ext/jaxb/api/jaxb-api.jar:/Applications/NetBeans/NetBeans 8.0.app/Contents/Resources/NetBeans/ide/modules/ext/jaxb/api/jsr173_1.0_api.jar" />
    <property name="php.global.include.path" value="" />
    <property name="testcoverage.import" value="no-testcoverage.xml" />
    <property name="libs.j2me_common_ant.classpath" value="/Applications/NetBeans/NetBeans 8.0.app/Contents/Resources/NetBeans/mobility/modules/org-netbeans-modules-j2me-common-ant.jar:/Applications/NetBeans/NetBeans 8.0.app/Contents/Resources/NetBeans/java/modules/org-netbeans-modules-classfile.jar" />
    <property name="libs.spring-webmvc3.0.classpath" value="/Applications/NetBeans/NetBeans 8.0.app/Contents/Resources/NetBeans/java/modules/ext/spring-3.0/spring-webmvc-3.2.7.RELEASE.jar" />
    <property name="libs.swing-layout.classpath" value="/Applications/NetBeans/NetBeans 8.0.app/Contents/Resources/NetBeans/platform/modules/ext/swing-layout-1.0.4.jar" />
    <property name="libs.javaee-web-api-7.0.maven-pom" value="" />
    <property name="libs.restlib.src" value="" />
    <property name="javac.source" value="1.6" />
    <property name="line.separator" value="&#xa;" />
    <property name="java.specification.version" value="1.8" />
    <property name="java.vm.info" value="mixed mode" />
    <property name="libs.jaxws21.maven-pom" value="" />
    <property name="test.filter.trace" value="true" />
    <property name="sun.boot.class.path" value="/Library/Java/JavaVirtualMachines/jdk1.8.0_11.jdk/Contents/Home/jre/lib/resources.jar:/Library/Java/JavaVirtualMachines/jdk1.8.0_11.jdk/Contents/Home/jre/lib/rt.jar:/Library/Java/JavaVirtualMachines/jdk1.8.0_11.jdk/Contents/Home/jre/lib/sunrsasign.jar:/Library/Java/JavaVirtualMachines/jdk1.8.0_11.jdk/Contents/Home/jre/lib/jsse.jar:/Library/Java/JavaVirtualMachines/jdk1.8.0_11.jdk/Contents/Home/jre/lib/jce.jar:/Library/Java/JavaVirtualMachines/jdk1.8.0_11.jdk/Contents/Home/jre/lib/charsets.jar:/Library/Java/JavaVirtualMachines/jdk1.8.0_11.jdk/Contents/Home/jre/lib/jfr.jar:/Library/Java/JavaVirtualMachines/jdk1.8.0_11.jdk/Contents/Home/jre/classes" />
    <property name="javac.target" value="1.6" />
    <property name="nbplatform.VisualVM_1.3.8.harness.dir" value="/Applications/NetBeans/NetBeans 8.0.app/Contents/Resources/NetBeans/harness" />
    <property name="module.jar.basename" value="ru-roseurobank.jar" />
    <property name="src.dir" value="/Users/evgeniy/NetBeansProjects/SnapshotPlugin/src" />
    <property name="libs.jpa2-persistence.src" value="" />
    <property name="build.compiler.optimize" value="off" />
    <property name="libs.jsf20.src" value="" />
    <property name="libs.jpa20-persistence.src" value="" />
    <property name="libs.jsf12.src" value="" />
    <property name="libs.DataBindingME-SVG.maven-pom" value="" />
    <property name="libs.JAVADB_DRIVER_LABEL.maven-pom" value="" />
    <property name="test.qa-functional.src.dir" value="/Users/evgeniy/NetBeansProjects/SnapshotPlugin/test/qa-functional/src" />
    <property name="nbplatform.default.netbeans.dest.dir" value="/Applications/NetBeans/NetBeans 8.0.app/Contents/Resources/NetBeans" />
    <property name="nbplatform.active.dir" value="/Applications/VisualVM.app/Contents/Resources/visualvm" />
    <property name="libs.struts.javadoc" value="/Applications/NetBeans/NetBeans 8.0.app/Contents/Resources/NetBeans/enterprise/docs/struts-1.3.10-javadoc.zip" />
    <property name="libs.Comet-GlassFish-v3.classpath" value="" />
    <property name="has.release.dir" value="true" />
    <property name="libs.javaee-web-api-7.0.src" value="" />
    <property name="libs.primefaces.src" value="" />
    <property name="code.name.base.slashes" value="ru/roseurobank" />
    <property name="libs.groovy-all.javadoc" value="" />
    <property name="ant.file.type.no-testcoverage" value="file" />
    <property name="libs.groovy-all.classpath" value="/Applications/NetBeans/NetBeans 8.0.app/Contents/Resources/NetBeans/groovy/modules/ext/groovy-all.jar" />
    <property name="java.awt.printerjob" value="sun.lwawt.macosx.CPrinterJob" />
    <property name="TODAY" value="May 1 2015" />
    <property name="default.javac.source" value="1.8" />
    <property name="nbplatform.VisualVM_1.3.8.netbeans.dest.dir" value="/Applications/VisualVM.app/Contents/Resources/visualvm" />
    <property name="release.files.extra" value="" />
    <property name="libs.MySQLDriver.src" value="" />
    <property name="sun.jnu.encoding" value="UTF-8" />
    <property name="build.test.qa-functional.work.dir" value="/Users/evgeniy/NetBeansProjects/SnapshotPlugin/build/test/qa-functional/work" />
    <property name="nbplatform.VisualVM_1.3.8.label" value="VisualVM 1.3.8" />
    <property name="java.runtime.version" value="1.8.0_11-b12" />
    <property name="jna.platform.library.path" value="/usr/lib:/usr/lib" />
    <property name="default.javac.target" value="1.8" />
    <property name="cluster" value="/Users/evgeniy/NetBeansProjects/SnapshotPlugin/build/cluster" />
    <property name="libs.junit_4.classpath" value="/Applications/NetBeans/NetBeans 8.0.app/Contents/Resources/NetBeans/platform/modules/ext/junit-4.10.jar" />
    <property name="user.timezone" value="Europe/Moscow" />
    <property name="test.dist.dir" value="/Users/evgeniy/NetBeansProjects/SnapshotPlugin/build/testdist" />
    <property name="release.files" value="modules/ext/junit-4.12.jar" />
    <property name="nbjunit.hard.timeout" value="600000" />
    <property name="libs.javaee-endorsed-api-6.0.maven-pom" value="" />
    <property name="libs.JAVADB_DRIVER_LABEL.javadoc" value="" />
    <property name="netbeans.dirs" value="/Applications/NetBeans/NetBeans 8.0.app/Contents/Resources/NetBeans/nb:/Applications/NetBeans/NetBeans 8.0.app/Contents/Resources/NetBeans/ergonomics:/Applications/NetBeans/NetBeans 8.0.app/Contents/Resources/NetBeans/ide:/Applications/NetBeans/NetBeans 8.0.app/Contents/Resources/NetBeans/extide:/Applications/NetBeans/NetBeans 8.0.app/Contents/Resources/NetBeans/java:/Applications/NetBeans/NetBeans 8.0.app/Contents/Resources/NetBeans/apisupport:/Applications/NetBeans/NetBeans 8.0.app/Contents/Resources/NetBeans/webcommon:/Applications/NetBeans/NetBeans 8.0.app/Contents/Resources/NetBeans/websvccommon:/Applications/NetBeans/NetBeans 8.0.app/Contents/Resources/NetBeans/enterprise:/Applications/NetBeans/NetBeans 8.0.app/Contents/Resources/NetBeans/mobility:/Applications/NetBeans/NetBeans 8.0.app/Contents/Resources/NetBeans/profiler:/Applications/NetBeans/NetBeans 8.0.app/Contents/Resources/NetBeans/python:/Applications/NetBeans/NetBeans 8.0.app/Contents/Resources/NetBeans/php:/Applications/NetBeans/NetBeans 8.0.app/Contents/Resources/NetBeans/identity:/Applications/NetBeans/NetBeans 8.0.app/Contents/Resources/NetBeans/harness:/Applications/NetBeans/NetBeans 8.0.app/Contents/Resources/NetBeans/cnd:/Applications/NetBeans/NetBeans 8.0.app/Contents/Resources/NetBeans/dlight:/Applications/NetBeans/NetBeans 8.0.app/Contents/Resources/NetBeans/groovy:/Applications/NetBeans/NetBeans 8.0.app/Contents/Resources/NetBeans/extra:/Applications/NetBeans/NetBeans 8.0.app/Contents/Resources/NetBeans/javacard:/Applications/NetBeans/NetBeans 8.0.app/Contents/Resources/NetBeans/javafx:" />
    <property name="test.type" value="unit" />
    <property name="libs.jsf20.javadoc" value="/Applications/NetBeans/NetBeans 8.0.app/Contents/Resources/NetBeans/enterprise/docs/javaee-doc-api.jar" />
    <property name="jar-excludes" value="**/*.java,**/*.form,**/package.html,**/doc-files/" />
    <property name="libs.jstl.javadoc" value="/Applications/NetBeans/NetBeans 8.0.app/Contents/Resources/NetBeans/enterprise/docs/javaee-doc-api.jar" />
    <property name="java.ext.dirs" value="/Users/evgeniy/Library/Java/Extensions:/Library/Java/JavaVirtualMachines/jdk1.8.0_11.jdk/Contents/Home/jre/lib/ext:/Library/Java/Extensions:/Network/Library/Java/Extensions:/System/Library/Java/Extensions:/usr/lib/java" />
    <property name="libs.metro.src" value="" />
    <property name="libs.absolutelayout.classpath" value="/Applications/NetBeans/NetBeans 8.0.app/Contents/Resources/NetBeans/java/modules/ext/AbsoluteLayout.jar" />
    <property name="ant.file.type.ru.roseurobank-impl" value="file" />
    <property name="cluster.path" value="${nbplatform.active.dir}/platform:${nbplatform.active.dir}/profiler:${nbplatform.active.dir}/visualvm" />
    <property name="libs.restlib.maven-pom" value="" />
    <property name="libs.metro.classpath" value="/Applications/NetBeans/NetBeans 8.0.app/Contents/Resources/NetBeans/ide/modules/ext/jaxb/activation.jar:/Applications/NetBeans/NetBeans 8.0.app/Contents/Resources/NetBeans/enterprise/modules/ext/metro/webservices-api.jar:/Applications/NetBeans/NetBeans 8.0.app/Contents/Resources/NetBeans/enterprise/modules/ext/metro/webservices-extra-api.jar:/Applications/NetBeans/NetBeans 8.0.app/Contents/Resources/NetBeans/enterprise/modules/ext/metro/webservices-extra.jar:/Applications/NetBeans/NetBeans 8.0.app/Contents/Resources/NetBeans/enterprise/modules/ext/metro/webservices-rt.jar:/Applications/NetBeans/NetBeans 8.0.app/Contents/Resources/NetBeans/enterprise/modules/ext/metro/webservices-tools.jar" />
    <property name="libs.jpa2-persistence.javadoc" value="/Applications/NetBeans/NetBeans 8.0.app/Contents/Resources/NetBeans/java/modules/ext/docs/javax.persistence-2.1.0-doc.zip" />
    <property name="libs.DataBindingME.javadoc" value="/Applications/NetBeans/NetBeans 8.0.app/Contents/Resources/NetBeans/mobility/modules/docs/netbeans_databindingme-api.zip" />
    <property name="java.class.path" value="/Users/evgeniy/NetBeansProjects/SnapshotPlugin/build/test/unit/classes:/Users/evgeniy/.m2/repository/junit/junit/4.8.2/junit-4.8.2.jar:/Users/evgeniy/NetBeansProjects/SnapshotPlugin/build/cluster/modules/ru-roseurobank.jar:/Applications/NetBeans/NetBeans 8.0.app/Contents/Resources/NetBeans/harness/modules/ext/junit-4.12.jar:/Applications/NetBeans/NetBeans 8.0.app/Contents/Resources/NetBeans/java/modules/ext/junit-3.8.2.jar:/Applications/NetBeans/NetBeans 8.0.app/Contents/Resources/NetBeans/platform/modules/ext/junit-4.10.jar:/Applications/VisualVM.app/Contents/Resources/visualvm/visualvm/modules/com-sun-tools-visualvm-application.jar:/Applications/VisualVM.app/Contents/Resources/visualvm/visualvm/modules/com-sun-tools-visualvm-core.jar:/Applications/VisualVM.app/Contents/Resources/visualvm/visualvm/modules/com-sun-tools-visualvm-uisupport.jar:/Applications/VisualVM.app/Contents/Resources/visualvm/profiler/modules/org-netbeans-lib-profiler-ui.jar:/Applications/VisualVM.app/Contents/Resources/visualvm/profiler/modules/org-netbeans-lib-profiler.jar:/Applications/VisualVM.app/Contents/Resources/visualvm/profiler/modules/org-netbeans-lib-profiler-charts.jar:/Applications/VisualVM.app/Contents/Resources/visualvm/profiler/modules/org-netbeans-modules-profiler-api.jar:/Applications/VisualVM.app/Contents/Resources/visualvm/platform/modules/org-netbeans-api-progress.jar:/Applications/VisualVM.app/Contents/Resources/visualvm/platform/lib/org-openide-util.jar:/Applications/VisualVM.app/Contents/Resources/visualvm/platform/lib/org-openide-util-lookup.jar:/Applications/VisualVM.app/Contents/Resources/visualvm/platform/modules/org-openide-awt.jar:/Applications/VisualVM.app/Contents/Resources/visualvm/platform/modules/org-netbeans-api-annotations-common.jar:/Applications/VisualVM.app/Contents/Resources/visualvm/platform/core/org-openide-filesystems.jar:/Applications/VisualVM.app/Contents/Resources/visualvm/profiler/modules/org-netbeans-lib-profiler-common.jar:/Applications/VisualVM.app/Contents/Resources/visualvm/platform/modules/org-netbeans-modules-editor-mimelookup.jar:/Applications/VisualVM.app/Contents/Resources/visualvm/platform/modules/org-netbeans-modules-autoupdate-services.jar:/Applications/VisualVM.app/Contents/Resources/visualvm/platform/modules/ext/updater.jar:/Applications/VisualVM.app/Contents/Resources/visualvm/platform/lib/boot.jar:/Applications/VisualVM.app/Contents/Resources/visualvm/platform/lib/org-openide-modules.jar:/Applications/VisualVM.app/Contents/Resources/visualvm/platform/core/core.jar:/Applications/VisualVM.app/Contents/Resources/visualvm/platform/modules/org-netbeans-modules-options-api.jar:/Applications/VisualVM.app/Contents/Resources/visualvm/platform/modules/org-netbeans-core.jar:/Applications/VisualVM.app/Contents/Resources/visualvm/platform/modules/org-netbeans-modules-keyring.jar:/Applications/VisualVM.app/Contents/Resources/visualvm/platform/modules/org-netbeans-modules-sampler.jar:/Applications/VisualVM.app/Contents/Resources/visualvm/platform/modules/org-openide-dialogs.jar:/Applications/VisualVM.app/Contents/Resources/visualvm/platform/modules/org-openide-loaders.jar:/Applications/VisualVM.app/Contents/Resources/visualvm/platform/modules/org-netbeans-modules-queries.jar:/Applications/VisualVM.app/Contents/Resources/visualvm/platform/modules/org-openide-actions.jar:/Applications/VisualVM.app/Contents/Resources/visualvm/platform/modules/org-openide-explorer.jar:/Applications/VisualVM.app/Contents/Resources/visualvm/platform/modules/org-netbeans-swing-outline.jar:/Applications/VisualVM.app/Contents/Resources/visualvm/platform/modules/org-netbeans-swing-tabcontrol.jar:/Applications/VisualVM.app/Contents/Resources/visualvm/platform/modules/org-openide-windows.jar:/Applications/VisualVM.app/Contents/Resources/visualvm/platform/modules/org-openide-nodes.jar:/Applications/VisualVM.app/Contents/Resources/visualvm/platform/modules/org-openide-text.jar:/Applications/VisualVM.app/Contents/Resources/visualvm/platform/modules/org-netbeans-swing-plaf.jar:/Applications/VisualVM.app/Contents/Resources/visualvm/platform/modules/org-openide-io.jar:/Applications/VisualVM.app/Contents/Resources/visualvm/platform/modules/org-netbeans-spi-quicksearch.jar:/Applications/VisualVM.app/Contents/Resources/visualvm/profiler/modules/org-netbeans-modules-profiler.jar:/Applications/VisualVM.app/Contents/Resources/visualvm/profiler/modules/org-netbeans-modules-profiler-attach.jar:/Applications/VisualVM.app/Contents/Resources/visualvm/profiler/modules/org-netbeans-modules-profiler-selector-api.jar:/Applications/VisualVM.app/Contents/Resources/visualvm/profiler/modules/org-netbeans-modules-profiler-selector-ui.jar:/Applications/VisualVM.app/Contents/Resources/visualvm/profiler/modules/org-netbeans-modules-profiler-utilities.jar:/Applications/VisualVM.app/Contents/Resources/visualvm/platform/modules/org-netbeans-modules-sendopts.jar:/Applications/VisualVM.app/Contents/Resources/visualvm/visualvm/modules/com-sun-tools-visualvm-host.jar:/Applications/VisualVM.app/Contents/Resources/visualvm/platform/modules/org-netbeans-modules-settings.jar:/Users/evgeniy/NetBeansProjects/SnapshotPlugin/release/modules/ext/junit-4.12.jar:/Applications/NetBeans/NetBeans 8.0.app/Contents/Resources/NetBeans/extide/ant/lib/ant-launcher.jar:/Applications/NetBeans/NetBeans 8.0.app/Contents/Resources/NetBeans/extide/ant/lib/ant.jar:/Applications/NetBeans/NetBeans 8.0.app/Contents/Resources/NetBeans/extide/ant/lib/ant-junit.jar:/Applications/NetBeans/NetBeans 8.0.app/Contents/Resources/NetBeans/extide/ant/lib/ant-junit4.jar" />
    <property name="apple.laf.useScreenMenuBar" value="true" />
    <property name="have-jdk-1.8" value="true" />
    <property name="have-jdk-1.7" value="true" />
    <property name="exists.test.unit.src.dir" value="true" />
    <property name="have-jdk-1.6" value="true" />
    <property name="libs.absolutelayout.src" value="" />
    <property name="have-jdk-1.5" value="true" />
    <property name="libs.jpa20-persistence.classpath" value="/Applications/NetBeans/NetBeans 8.0.app/Contents/Resources/NetBeans/java/modules/ext/eclipselink/javax.persistence_2.1.0.v201304241213.jar" />
    <property name="have-jdk-1.4" value="true" />
    <property name="harness.dir" value="/Applications/NetBeans/NetBeans 8.0.app/Contents/Resources/NetBeans/harness" />
    <property name="os.version" value="10.10.3" />
    <property name="libs.EclipseLink-GlassFish-v3.javadoc" value="/Applications/NetBeans/NetBeans 8.0.app/Contents/Resources/NetBeans/enterprise/docs/javaee-doc-api.jar" />
    <property name="libs.javaee-api-7.0.maven-pom" value="" />
    <property name="sun.awt.enableExtraMouseButtons" value="true" />
    <property name="libs.hibernate4-persistence.src" value="" />
    <property name="retouche.javac.impl" value="" />
    <property name="auxiliary.org-netbeans-spi-editor-hints-projects.perProjectHintSettingsFile" value="nbproject/cfg_hints.xml" />
    <property name="libs.hibernate4-support.maven-pom" value="" />
    <property name="libs.Comet-GlassFish-v3.src" value="" />
    <property name="libs.restlib.javadoc" value="" />
    <property name="libs.JAXB-ENDORSED.classpath" value="/Applications/NetBeans/NetBeans 8.0.app/Contents/Resources/NetBeans/ide/modules/ext/jaxb/api/jaxb-api.jar" />
    <property name="libs.javaee-api-7.0.javadoc" value="/Applications/NetBeans/NetBeans 8.0.app/Contents/Resources/NetBeans/enterprise/docs/javaee-doc-api.jar" />
    <property name="libs.eclipselink.classpath" value="/Applications/NetBeans/NetBeans 8.0.app/Contents/Resources/NetBeans/java/modules/ext/eclipselink/eclipselink.jar:/Applications/NetBeans/NetBeans 8.0.app/Contents/Resources/NetBeans/java/modules/ext/eclipselink/javax.persistence_2.1.0.v201304241213.jar:/Applications/NetBeans/NetBeans 8.0.app/Contents/Resources/NetBeans/java/modules/ext/eclipselink/org.eclipse.persistence.jpa.jpql_2.5.2.v20140319-9ad6abd.jar" />
    <property name="libs.beans-binding.javadoc" value="/Applications/NetBeans/NetBeans 8.0.app/Contents/Resources/NetBeans/java/docs/beansbinding-1.2.1-doc.zip" />
    <property name="build.compiler.deprecation" value="true" />
    <property name="java.awt.graphicsenv" value="sun.awt.CGraphicsEnvironment" />
    <property name="java.vm.vendor" value="Oracle Corporation" />
    <property name="libs.CopyLibs.classpath" value="/Applications/NetBeans/NetBeans 8.0.app/Contents/Resources/NetBeans/java/ant/extra/org-netbeans-modules-java-j2seproject-copylibstask.jar" />
    <property name="libs.spring-framework300.classpath" value="/Applications/NetBeans/NetBeans 8.0.app/Contents/Resources/NetBeans/ide/modules/org-apache-commons-logging.jar:/Applications/NetBeans/NetBeans 8.0.app/Contents/Resources/NetBeans/java/modules/ext/cglib-2.2.jar:/Applications/NetBeans/NetBeans 8.0.app/Contents/Resources/NetBeans/java/modules/ext/spring-3.0/spring-aop-3.2.7.RELEASE.jar:/Applications/NetBeans/NetBeans 8.0.app/Contents/Resources/NetBeans/java/modules/ext/spring-3.0/spring-aspects-3.2.7.RELEASE.jar:/Applications/NetBeans/NetBeans 8.0.app/Contents/Resources/NetBeans/java/modules/ext/spring-3.0/spring-beans-3.2.7.RELEASE.jar:/Applications/NetBeans/NetBeans 8.0.app/Contents/Resources/NetBeans/java/modules/ext/spring-3.0/spring-build-src-3.2.7.RELEASE.jar:/Applications/NetBeans/NetBeans 8.0.app/Contents/Resources/NetBeans/java/modules/ext/spring-3.0/spring-context-3.2.7.RELEASE.jar:/Applications/NetBeans/NetBeans 8.0.app/Contents/Resources/NetBeans/java/modules/ext/spring-3.0/spring-context-support-3.2.7.RELEASE.jar:/Applications/NetBeans/NetBeans 8.0.app/Contents/Resources/NetBeans/java/modules/ext/spring-3.0/spring-core-3.2.7.RELEASE.jar:/Applications/NetBeans/NetBeans 8.0.app/Contents/Resources/NetBeans/java/modules/ext/spring-3.0/spring-expression-3.2.7.RELEASE.jar:/Applications/NetBeans/NetBeans 8.0.app/Contents/Resources/NetBeans/java/modules/ext/spring-3.0/spring-framework-bom-3.2.7.RELEASE.jar:/Applications/NetBeans/NetBeans 8.0.app/Contents/Resources/NetBeans/java/modules/ext/spring-3.0/spring-instrument-3.2.7.RELEASE.jar:/Applications/NetBeans/NetBeans 8.0.app/Contents/Resources/NetBeans/java/modules/ext/spring-3.0/spring-instrument-tomcat-3.2.7.RELEASE.jar:/Applications/NetBeans/NetBeans 8.0.app/Contents/Resources/NetBeans/java/modules/ext/spring-3.0/spring-jdbc-3.2.7.RELEASE.jar:/Applications/NetBeans/NetBeans 8.0.app/Contents/Resources/NetBeans/java/modules/ext/spring-3.0/spring-jms-3.2.7.RELEASE.jar:/Applications/NetBeans/NetBeans 8.0.app/Contents/Resources/NetBeans/java/modules/ext/spring-3.0/spring-orm-3.2.7.RELEASE.jar:/Applications/NetBeans/NetBeans 8.0.app/Contents/Resources/NetBeans/java/modules/ext/spring-3.0/spring-oxm-3.2.7.RELEASE.jar:/Applications/NetBeans/NetBeans 8.0.app/Contents/Resources/NetBeans/java/modules/ext/spring-3.0/spring-struts-3.2.7.RELEASE.jar:/Applications/NetBeans/NetBeans 8.0.app/Contents/Resources/NetBeans/java/modules/ext/spring-3.0/spring-test-3.2.7.RELEASE.jar:/Applications/NetBeans/NetBeans 8.0.app/Contents/Resources/NetBeans/java/modules/ext/spring-3.0/spring-tx-3.2.7.RELEASE.jar:/Applications/NetBeans/NetBeans 8.0.app/Contents/Resources/NetBeans/java/modules/ext/spring-3.0/spring-web-3.2.7.RELEASE.jar:/Applications/NetBeans/NetBeans 8.0.app/Contents/Resources/NetBeans/java/modules/ext/spring-3.0/spring-webmvc-3.2.7.RELEASE.jar:/Applications/NetBeans/NetBeans 8.0.app/Contents/Resources/NetBeans/java/modules/ext/spring-3.0/spring-webmvc-portlet-3.2.7.RELEASE.jar" />
    <property name="libs.jsp-compiler.maven-pom" value="" />
    <property name="module.jar.dir" value="modules" />
    <property name="build.package.compress" value="false" />
    <property name="build.compiler.debuglevel" value="source,lines,vars" />
    <property name="libs.hibernate4-persistence.classpath" value="/Applications/NetBeans/NetBeans 8.0.app/Contents/Resources/NetBeans/java/modules/ext/hibernate4/antlr-2.7.7.jar:/Applications/NetBeans/NetBeans 8.0.app/Contents/Resources/NetBeans/java/modules/ext/hibernate4/c3p0-0.9.2.1.jar:/Applications/NetBeans/NetBeans 8.0.app/Contents/Resources/NetBeans/java/modules/ext/hibernate4/hibernate-c3p0-4.3.1.Final.jar:/Applications/NetBeans/NetBeans 8.0.app/Contents/Resources/NetBeans/java/modules/ext/hibernate4/mchange-commons-java-0.2.3.4.jar:/Applications/NetBeans/NetBeans 8.0.app/Contents/Resources/NetBeans/java/modules/ext/hibernate4/dom4j-1.6.1.jar:/Applications/NetBeans/NetBeans 8.0.app/Contents/Resources/NetBeans/java/modules/ext/hibernate4/ehcache-core-2.4.3.jar:/Applications/NetBeans/NetBeans 8.0.app/Contents/Resources/NetBeans/java/modules/ext/hibernate4/hibernate-ehcache-4.3.1.Final.jar:/Applications/NetBeans/NetBeans 8.0.app/Contents/Resources/NetBeans/java/modules/ext/hibernate4/hibernate-core-4.3.1.Final.jar:/Applications/NetBeans/NetBeans 8.0.app/Contents/Resources/NetBeans/java/modules/ext/hibernate4/jboss-logging-3.1.3.GA.jar:/Applications/NetBeans/NetBeans 8.0.app/Contents/Resources/NetBeans/java/modules/ext/hibernate4/hibernate-commons-annotations-4.0.4.Final.jar:/Applications/NetBeans/NetBeans 8.0.app/Contents/Resources/NetBeans/java/modules/ext/hibernate4/hibernate-entitymanager-4.3.1.Final.jar:/Applications/NetBeans/NetBeans 8.0.app/Contents/Resources/NetBeans/java/modules/ext/hibernate4/javassist-3.18.1-GA.jar:/Applications/NetBeans/NetBeans 8.0.app/Contents/Resources/NetBeans/java/modules/ext/hibernate4/jboss-transaction-api_1.2_spec-1.0.0.Final.jar:/Applications/NetBeans/NetBeans 8.0.app/Contents/Resources/NetBeans/java/modules/ext/hibernate4/slf4j-api-1.6.1.jar:/Applications/NetBeans/NetBeans 8.0.app/Contents/Resources/NetBeans/java/modules/ext/hibernate4/slf4j-simple-1.6.1.jar:/Applications/NetBeans/NetBeans 8.0.app/Contents/Resources/NetBeans/java/modules/ext/hibernate4/hibernate-jpa-2.1-api-1.0.0.Final.jar" />
    <property name="license.file" value="/Users/evgeniy/NetBeansProjects/SnapshotPlugin/build/no-license.txt" />
    <property name="libs.JAXB-ENDORSED.src" value="" />
    <property name="libs.testng.javadoc" value="/Applications/NetBeans/NetBeans 8.0.app/Contents/Resources/NetBeans/platform/docs/testng-6.8.1-javadoc.zip" />
    <property name="libs.DataBindingME-PIM.src" value="/Applications/NetBeans/NetBeans 8.0.app/Contents/Resources/NetBeans/mobility/sources/netbeans_databindingme_pim-src.zip" />
    <property name="libs.PostgreSQLDriver.classpath" value="/Applications/NetBeans/NetBeans 8.0.app/Contents/Resources/NetBeans/ide/modules/ext/postgresql-9.2-1002.jdbc4.jar" />
    <property name="libs.jsf12.maven-pom" value="" />
    <property name="module.auto.deps.xml" value="/Users/evgeniy/NetBeansProjects/SnapshotPlugin/module-auto-deps.xml" />
    <property name="libs.hibernate4-persistencemodelgen.classpath" value="/Applications/NetBeans/NetBeans 8.0.app/Contents/Resources/NetBeans/java/modules/ext/hibernate4/hibernate-jpamodelgen-4.3.1.Final.jar" />
    <property name="libs.junit.src" value="" />
    <property name="test.bootclasspath.prepend.args" value="-Dno.netbeans.bootclasspath.prepend.needed=true" />
    <property name="libs.CopyLibs.src" value="" />
    <property name="build.dir" value="/Users/evgeniy/NetBeansProjects/SnapshotPlugin/build" />
    <property name="libs.jsp-compilation.classpath" value="/Applications/NetBeans/NetBeans 8.0.app/Contents/Resources/NetBeans/extide/ant/lib/ant.jar:/Applications/NetBeans/NetBeans 8.0.app/Contents/Resources/NetBeans/enterprise/modules/ext/servlet3.1-jsp2.3-api.jar:/Applications/NetBeans/NetBeans 8.0.app/Contents/Resources/NetBeans/enterprise/modules/ext/glassfish-jspparser-4.0.jar:/Applications/NetBeans/NetBeans 8.0.app/Contents/Resources/NetBeans/enterprise/modules/ext/jsf-2_2/javax.faces.jar:/Applications/NetBeans/NetBeans 8.0.app/Contents/Resources/NetBeans/enterprise/modules/ext/jstl-api.jar:/Applications/NetBeans/NetBeans 8.0.app/Contents/Resources/NetBeans/extide/ant/lib/ant-launcher.jar" />
    <property name="module.jar.verifylinkageignores" value="" />
    <property name="module.jar" value="modules/ru-roseurobank.jar" />
    <property name="ant.version" value="Apache Ant(TM) version 1.9.4 compiled on April 29 2014" />
    <property name="file.encoding" value="UTF-8" />
    <property name="libs.spring-webmvc4.0.classpath" value="/Applications/NetBeans/NetBeans 8.0.app/Contents/Resources/NetBeans/java/modules/ext/spring-4/spring-webmvc-4.0.1.RELEASE.jar" />
    <property name="nbm.is.preferredupdate" value="" />
    <property name="awt.toolkit" value="sun.lwawt.macosx.LWCToolkit" />
    <property name="libs.javaee-web-api-7.0.javadoc" value="/Applications/NetBeans/NetBeans 8.0.app/Contents/Resources/NetBeans/enterprise/docs/javaee-doc-api.jar" />
  </properties>
  <testcase classname="ru.roseurobank.SnapshotPlugin.SnapshotCreatorTest" name="testRun" time="0.002" />
  <testcase classname="ru.roseurobank.SnapshotPlugin.SnapshotCreatorTest" name="testGetApplication" time="0.207">
    <failure message="expected:&lt;Application [id: 999, pid: -1, host: localhost]&gt; but was:&lt;null&gt;" type="junit.framework.AssertionFailedError">junit.framework.AssertionFailedError: expected:&lt;Application [id: 999, pid: -1, host: localhost]&gt; but was:&lt;null&gt;
	at ru.roseurobank.SnapshotPlugin.SnapshotCreatorTest.testGetApplication(SnapshotCreatorTest.java:90)
</failure>
  </testcase>
  <testcase classname="ru.roseurobank.SnapshotPlugin.SnapshotCreatorTest" name="testSetApplication" time="0.0" />
  <testcase classname="ru.roseurobank.SnapshotPlugin.SnapshotCreatorTest" name="testGetSaveFolder" time="0.0" />
  <testcase classname="ru.roseurobank.SnapshotPlugin.SnapshotCreatorTest" name="testSetSaveFolder" time="0.0" />
  <testcase classname="ru.roseurobank.SnapshotPlugin.SnapshotCreatorTest" name="testGetDuration" time="0.0" />
  <testcase classname="ru.roseurobank.SnapshotPlugin.SnapshotCreatorTest" name="testSetDuration" time="0.002" />
  <testcase classname="ru.roseurobank.SnapshotPlugin.SnapshotCreatorTest" name="testIsActive" time="0.0" />
  <testcase classname="ru.roseurobank.SnapshotPlugin.SnapshotCreatorTest" name="testSetActive" time="0.0" />
  <testcase classname="ru.roseurobank.SnapshotPlugin.SnapshotCreatorTest" name="testSetGetConsole" time="0.522" />
  <system-out><![CDATA[Start SnapshotCreator testing!
Method getApplication.
Method setApplication.
Method getSaveFolder.
Method setSaveFolder.
Method getDuration.
Method setDuration.
Method isActive.
Method setActive.
Method setConsole & getConsole.
Stop SnapshotCreator testing!
]]></system-out>
  <system-err><![CDATA[мая 01, 2015 2:44:24 PM org.openide.util.RequestProcessor$Processor doNotify
SEVERE: Error in RequestProcessor com.sun.tools.visualvm.host.impl.HostProvider$8$1
org.openide.util.RequestProcessor$SlowItem: task failed due to: java.lang.NullPointerException
	at org.openide.util.RequestProcessor.post(RequestProcessor.java:419)
	at com.sun.tools.visualvm.host.impl.HostProvider$8.run(HostProvider.java:343)
	at java.awt.event.InvocationEvent.dispatch(InvocationEvent.java:311)
	at java.awt.EventQueue.dispatchEventImpl(EventQueue.java:744)
	at java.awt.EventQueue.access$400(EventQueue.java:97)
	at java.awt.EventQueue$3.run(EventQueue.java:697)
	at java.awt.EventQueue$3.run(EventQueue.java:691)
	at java.security.AccessController.doPrivileged(Native Method)
	at java.security.ProtectionDomain$1.doIntersectionPrivilege(ProtectionDomain.java:75)
	at java.awt.EventQueue.dispatchEvent(EventQueue.java:714)
	at java.awt.EventDispatchThread.pumpOneEventForFilters(EventDispatchThread.java:201)
	at java.awt.EventDispatchThread.pumpEventsForFilter(EventDispatchThread.java:116)
	at java.awt.EventDispatchThread.pumpEventsForHierarchy(EventDispatchThread.java:105)
	at java.awt.EventDispatchThread.pumpEvents(EventDispatchThread.java:101)
	at java.awt.EventDispatchThread.pumpEvents(EventDispatchThread.java:93)
	at java.awt.EventDispatchThread.run(EventDispatchThread.java:82)
Caused by: java.lang.NullPointerException
	at java.io.File.<init>(File.java:277)
	at com.sun.tools.visualvm.core.datasource.Storage.getPersistentStorageDirectoryString(Storage.java:285)
	at com.sun.tools.visualvm.host.impl.HostsSupportImpl.getStorageDirectoryString(HostsSupportImpl.java:48)
	at com.sun.tools.visualvm.host.HostsSupport.storageDirectoryExists(HostsSupport.java:142)
	at com.sun.tools.visualvm.host.impl.HostProvider.initPersistedHosts(HostProvider.java:268)
	at com.sun.tools.visualvm.host.impl.HostProvider.access$300(HostProvider.java:70)
	at com.sun.tools.visualvm.host.impl.HostProvider$8$1.run(HostProvider.java:347)
	at org.openide.util.RequestProcessor$Task.run(RequestProcessor.java:1423)
	at org.openide.util.RequestProcessor$Processor.run(RequestProcessor.java:2033)

мая 01, 2015 2:44:25 PM org.netbeans.modules.settings.RecognizeInstanceObjects$OverObjects <init>
WARNING: Not listening on module system
]]></system-err>
</testsuite>
